{"/Users/hacktiv8/Desktop/geo_arg_mobile/index.android.js": {"path":"/Users/hacktiv8/Desktop/geo_arg_mobile/index.android.js","statementMap":{"0":{"start":{"line":7,"column":4},"end":{"line":9,"column":5}},"1":{"start":{"line":13,"column":0},"end":{"line":13,"column":70}},"2":{"start":{"line":13,"column":54},"end":{"line":13,"column":68}}},"fnMap":{"0":{"name":"(anonymous_0)","decl":{"start":{"line":6,"column":2},"end":{"line":6,"column":3}},"loc":{"start":{"line":6,"column":11},"end":{"line":10,"column":3}},"line":6},"1":{"name":"(anonymous_1)","decl":{"start":{"line":13,"column":48},"end":{"line":13,"column":49}},"loc":{"start":{"line":13,"column":54},"end":{"line":13,"column":68}},"line":13}},"branchMap":{},"s":{"0":1,"1":1,"2":0},"f":{"0":1,"1":0},"b":{},"_coverageSchema":"332fd63041d2c1bcb487cc26dd0d5f7d97098a6c","hash":"938392a2c8adba48790cd856d099bbe406e58f82"}
,"/Users/hacktiv8/Desktop/geo_arg_mobile/index.ios.js": {"path":"/Users/hacktiv8/Desktop/geo_arg_mobile/index.ios.js","statementMap":{"0":{"start":{"line":7,"column":4},"end":{"line":9,"column":5}},"1":{"start":{"line":13,"column":0},"end":{"line":13,"column":70}},"2":{"start":{"line":13,"column":54},"end":{"line":13,"column":68}}},"fnMap":{"0":{"name":"(anonymous_0)","decl":{"start":{"line":6,"column":2},"end":{"line":6,"column":3}},"loc":{"start":{"line":6,"column":11},"end":{"line":10,"column":3}},"line":6},"1":{"name":"(anonymous_1)","decl":{"start":{"line":13,"column":48},"end":{"line":13,"column":49}},"loc":{"start":{"line":13,"column":54},"end":{"line":13,"column":68}},"line":13}},"branchMap":{},"s":{"0":1,"1":1,"2":0},"f":{"0":1,"1":0},"b":{},"_coverageSchema":"332fd63041d2c1bcb487cc26dd0d5f7d97098a6c","hash":"9763289c78bd79e8e9c3e03b9e7fdb9422cd5851"}
,"/Users/hacktiv8/Desktop/geo_arg_mobile/src/AppNavigator.js": {"path":"/Users/hacktiv8/Desktop/geo_arg_mobile/src/AppNavigator.js","statementMap":{"0":{"start":{"line":11,"column":4},"end":{"line":32,"column":5}},"1":{"start":{"line":13,"column":8},"end":{"line":13,"column":48}},"2":{"start":{"line":15,"column":8},"end":{"line":15,"column":45}},"3":{"start":{"line":17,"column":8},"end":{"line":17,"column":44}},"4":{"start":{"line":19,"column":8},"end":{"line":19,"column":49}},"5":{"start":{"line":21,"column":8},"end":{"line":21,"column":49}},"6":{"start":{"line":23,"column":8},"end":{"line":23,"column":48}},"7":{"start":{"line":25,"column":8},"end":{"line":25,"column":47}},"8":{"start":{"line":27,"column":8},"end":{"line":27,"column":44}},"9":{"start":{"line":29,"column":8},"end":{"line":29,"column":48}},"10":{"start":{"line":31,"column":8},"end":{"line":31,"column":48}},"11":{"start":{"line":35,"column":4},"end":{"line":42,"column":5}}},"fnMap":{"0":{"name":"(anonymous_0)","decl":{"start":{"line":10,"column":2},"end":{"line":10,"column":3}},"loc":{"start":{"line":10,"column":31},"end":{"line":33,"column":3}},"line":10},"1":{"name":"(anonymous_1)","decl":{"start":{"line":34,"column":2},"end":{"line":34,"column":3}},"loc":{"start":{"line":34,"column":10},"end":{"line":43,"column":3}},"line":34}},"branchMap":{"0":{"loc":{"start":{"line":11,"column":4},"end":{"line":32,"column":5}},"type":"switch","locations":[{"start":{"line":12,"column":6},"end":{"line":13,"column":48}},{"start":{"line":14,"column":6},"end":{"line":15,"column":45}},{"start":{"line":16,"column":6},"end":{"line":17,"column":44}},{"start":{"line":18,"column":6},"end":{"line":19,"column":49}},{"start":{"line":20,"column":6},"end":{"line":21,"column":49}},{"start":{"line":22,"column":6},"end":{"line":23,"column":48}},{"start":{"line":24,"column":6},"end":{"line":25,"column":47}},{"start":{"line":26,"column":6},"end":{"line":27,"column":44}},{"start":{"line":28,"column":6},"end":{"line":29,"column":48}},{"start":{"line":30,"column":6},"end":{"line":31,"column":48}}],"line":11}},"s":{"0":3,"1":3,"2":0,"3":0,"4":0,"5":0,"6":0,"7":0,"8":0,"9":0,"10":0,"11":3},"f":{"0":3,"1":3},"b":{"0":[3,0,0,0,0,0,0,0,0,0]},"_coverageSchema":"332fd63041d2c1bcb487cc26dd0d5f7d97098a6c","hash":"e5c73b67471d8e0cad85b4530130097c5327af31"}
,"/Users/hacktiv8/Desktop/geo_arg_mobile/src/actions/index.js": {"path":"/Users/hacktiv8/Desktop/geo_arg_mobile/src/actions/index.js","statementMap":{"0":{"start":{"line":4,"column":30},"end":{"line":4,"column":96}},"1":{"start":{"line":4,"column":52},"end":{"line":4,"column":95}},"2":{"start":{"line":5,"column":30},"end":{"line":5,"column":83}},"3":{"start":{"line":5,"column":52},"end":{"line":5,"column":82}},"4":{"start":{"line":6,"column":30},"end":{"line":6,"column":88}},"5":{"start":{"line":6,"column":52},"end":{"line":6,"column":87}},"6":{"start":{"line":7,"column":30},"end":{"line":7,"column":89}},"7":{"start":{"line":7,"column":52},"end":{"line":7,"column":88}},"8":{"start":{"line":8,"column":30},"end":{"line":8,"column":95}},"9":{"start":{"line":8,"column":52},"end":{"line":8,"column":94}},"10":{"start":{"line":9,"column":30},"end":{"line":9,"column":88}},"11":{"start":{"line":9,"column":52},"end":{"line":9,"column":87}},"12":{"start":{"line":10,"column":30},"end":{"line":10,"column":73}},"13":{"start":{"line":10,"column":52},"end":{"line":10,"column":72}},"14":{"start":{"line":11,"column":30},"end":{"line":11,"column":90}},"15":{"start":{"line":11,"column":52},"end":{"line":11,"column":89}},"16":{"start":{"line":12,"column":30},"end":{"line":12,"column":105}},"17":{"start":{"line":12,"column":52},"end":{"line":12,"column":104}},"18":{"start":{"line":13,"column":30},"end":{"line":13,"column":100}},"19":{"start":{"line":13,"column":52},"end":{"line":13,"column":99}},"20":{"start":{"line":15,"column":26},"end":{"line":25,"column":1}},"21":{"start":{"line":16,"column":2},"end":{"line":24,"column":3}},"22":{"start":{"line":17,"column":4},"end":{"line":23,"column":62}},"23":{"start":{"line":23,"column":23},"end":{"line":23,"column":59}},"24":{"start":{"line":27,"column":24},"end":{"line":43,"column":1}},"25":{"start":{"line":28,"column":2},"end":{"line":42,"column":3}},"26":{"start":{"line":29,"column":4},"end":{"line":41,"column":5}},"27":{"start":{"line":30,"column":6},"end":{"line":40,"column":8}},"28":{"start":{"line":36,"column":21},"end":{"line":36,"column":31}},"29":{"start":{"line":37,"column":8},"end":{"line":39,"column":10}},"30":{"start":{"line":38,"column":10},"end":{"line":38,"column":53}},"31":{"start":{"line":45,"column":27},"end":{"line":60,"column":1}},"32":{"start":{"line":46,"column":2},"end":{"line":59,"column":3}},"33":{"start":{"line":47,"column":4},"end":{"line":58,"column":62}},"34":{"start":{"line":54,"column":24},"end":{"line":54,"column":39}},"35":{"start":{"line":56,"column":8},"end":{"line":56,"column":43}},"36":{"start":{"line":58,"column":23},"end":{"line":58,"column":59}},"37":{"start":{"line":62,"column":26},"end":{"line":77,"column":1}},"38":{"start":{"line":63,"column":2},"end":{"line":76,"column":3}},"39":{"start":{"line":64,"column":4},"end":{"line":75,"column":60}},"40":{"start":{"line":71,"column":22},"end":{"line":71,"column":37}},"41":{"start":{"line":73,"column":6},"end":{"line":73,"column":43}},"42":{"start":{"line":75,"column":21},"end":{"line":75,"column":57}},"43":{"start":{"line":79,"column":28},"end":{"line":99,"column":1}},"44":{"start":{"line":80,"column":14},"end":{"line":84,"column":3}},"45":{"start":{"line":85,"column":2},"end":{"line":98,"column":3}},"46":{"start":{"line":86,"column":4},"end":{"line":97,"column":60}},"47":{"start":{"line":93,"column":22},"end":{"line":93,"column":37}},"48":{"start":{"line":95,"column":6},"end":{"line":95,"column":60}},"49":{"start":{"line":97,"column":21},"end":{"line":97,"column":57}},"50":{"start":{"line":101,"column":29},"end":{"line":116,"column":1}},"51":{"start":{"line":102,"column":13},"end":{"line":105,"column":3}},"52":{"start":{"line":106,"column":2},"end":{"line":115,"column":3}},"53":{"start":{"line":107,"column":4},"end":{"line":114,"column":60}},"54":{"start":{"line":114,"column":21},"end":{"line":114,"column":57}},"55":{"start":{"line":118,"column":30},"end":{"line":127,"column":1}},"56":{"start":{"line":119,"column":2},"end":{"line":126,"column":3}},"57":{"start":{"line":120,"column":4},"end":{"line":125,"column":62}},"58":{"start":{"line":121,"column":24},"end":{"line":121,"column":39}},"59":{"start":{"line":123,"column":8},"end":{"line":123,"column":45}},"60":{"start":{"line":125,"column":23},"end":{"line":125,"column":59}},"61":{"start":{"line":129,"column":27},"end":{"line":140,"column":1}},"62":{"start":{"line":130,"column":2},"end":{"line":139,"column":3}},"63":{"start":{"line":131,"column":4},"end":{"line":138,"column":23}},"64":{"start":{"line":133,"column":8},"end":{"line":133,"column":30}},"65":{"start":{"line":136,"column":8},"end":{"line":136,"column":40}},"66":{"start":{"line":143,"column":33},"end":{"line":151,"column":1}},"67":{"start":{"line":144,"column":2},"end":{"line":150,"column":3}},"68":{"start":{"line":145,"column":4},"end":{"line":149,"column":6}},"69":{"start":{"line":153,"column":36},"end":{"line":161,"column":1}},"70":{"start":{"line":154,"column":2},"end":{"line":160,"column":3}},"71":{"start":{"line":155,"column":4},"end":{"line":159,"column":6}},"72":{"start":{"line":156,"column":19},"end":{"line":156,"column":29}},"73":{"start":{"line":158,"column":6},"end":{"line":158,"column":46}}},"fnMap":{"0":{"name":"(anonymous_0)","decl":{"start":{"line":4,"column":30},"end":{"line":4,"column":31}},"loc":{"start":{"line":4,"column":52},"end":{"line":4,"column":95}},"line":4},"1":{"name":"(anonymous_1)","decl":{"start":{"line":5,"column":30},"end":{"line":5,"column":31}},"loc":{"start":{"line":5,"column":52},"end":{"line":5,"column":82}},"line":5},"2":{"name":"(anonymous_2)","decl":{"start":{"line":6,"column":30},"end":{"line":6,"column":31}},"loc":{"start":{"line":6,"column":52},"end":{"line":6,"column":87}},"line":6},"3":{"name":"(anonymous_3)","decl":{"start":{"line":7,"column":30},"end":{"line":7,"column":31}},"loc":{"start":{"line":7,"column":52},"end":{"line":7,"column":88}},"line":7},"4":{"name":"(anonymous_4)","decl":{"start":{"line":8,"column":30},"end":{"line":8,"column":31}},"loc":{"start":{"line":8,"column":52},"end":{"line":8,"column":94}},"line":8},"5":{"name":"(anonymous_5)","decl":{"start":{"line":9,"column":30},"end":{"line":9,"column":31}},"loc":{"start":{"line":9,"column":52},"end":{"line":9,"column":87}},"line":9},"6":{"name":"(anonymous_6)","decl":{"start":{"line":10,"column":30},"end":{"line":10,"column":31}},"loc":{"start":{"line":10,"column":52},"end":{"line":10,"column":72}},"line":10},"7":{"name":"(anonymous_7)","decl":{"start":{"line":11,"column":30},"end":{"line":11,"column":31}},"loc":{"start":{"line":11,"column":52},"end":{"line":11,"column":89}},"line":11},"8":{"name":"(anonymous_8)","decl":{"start":{"line":12,"column":30},"end":{"line":12,"column":31}},"loc":{"start":{"line":12,"column":52},"end":{"line":12,"column":104}},"line":12},"9":{"name":"(anonymous_9)","decl":{"start":{"line":13,"column":30},"end":{"line":13,"column":31}},"loc":{"start":{"line":13,"column":52},"end":{"line":13,"column":99}},"line":13},"10":{"name":"(anonymous_10)","decl":{"start":{"line":15,"column":26},"end":{"line":15,"column":27}},"loc":{"start":{"line":15,"column":47},"end":{"line":25,"column":1}},"line":15},"11":{"name":"(anonymous_11)","decl":{"start":{"line":16,"column":9},"end":{"line":16,"column":10}},"loc":{"start":{"line":16,"column":23},"end":{"line":24,"column":3}},"line":16},"12":{"name":"(anonymous_12)","decl":{"start":{"line":23,"column":13},"end":{"line":23,"column":14}},"loc":{"start":{"line":23,"column":22},"end":{"line":23,"column":60}},"line":23},"13":{"name":"(anonymous_13)","decl":{"start":{"line":27,"column":24},"end":{"line":27,"column":25}},"loc":{"start":{"line":27,"column":45},"end":{"line":43,"column":1}},"line":27},"14":{"name":"(anonymous_14)","decl":{"start":{"line":28,"column":9},"end":{"line":28,"column":10}},"loc":{"start":{"line":28,"column":23},"end":{"line":42,"column":3}},"line":28},"15":{"name":"(anonymous_15)","decl":{"start":{"line":36,"column":14},"end":{"line":36,"column":15}},"loc":{"start":{"line":36,"column":21},"end":{"line":36,"column":31}},"line":36},"16":{"name":"(anonymous_16)","decl":{"start":{"line":36,"column":38},"end":{"line":36,"column":39}},"loc":{"start":{"line":36,"column":53},"end":{"line":40,"column":7}},"line":36},"17":{"name":"(anonymous_17)","decl":{"start":{"line":37,"column":69},"end":{"line":37,"column":70}},"loc":{"start":{"line":37,"column":73},"end":{"line":39,"column":9}},"line":37},"18":{"name":"(anonymous_18)","decl":{"start":{"line":45,"column":27},"end":{"line":45,"column":28}},"loc":{"start":{"line":45,"column":56},"end":{"line":60,"column":1}},"line":45},"19":{"name":"(anonymous_19)","decl":{"start":{"line":46,"column":9},"end":{"line":46,"column":10}},"loc":{"start":{"line":46,"column":23},"end":{"line":59,"column":3}},"line":46},"20":{"name":"(anonymous_20)","decl":{"start":{"line":54,"column":12},"end":{"line":54,"column":13}},"loc":{"start":{"line":54,"column":24},"end":{"line":54,"column":39}},"line":54},"21":{"name":"(anonymous_21)","decl":{"start":{"line":55,"column":12},"end":{"line":55,"column":13}},"loc":{"start":{"line":55,"column":21},"end":{"line":57,"column":7}},"line":55},"22":{"name":"(anonymous_22)","decl":{"start":{"line":58,"column":13},"end":{"line":58,"column":14}},"loc":{"start":{"line":58,"column":22},"end":{"line":58,"column":60}},"line":58},"23":{"name":"(anonymous_23)","decl":{"start":{"line":62,"column":26},"end":{"line":62,"column":27}},"loc":{"start":{"line":62,"column":51},"end":{"line":77,"column":1}},"line":62},"24":{"name":"(anonymous_24)","decl":{"start":{"line":63,"column":9},"end":{"line":63,"column":10}},"loc":{"start":{"line":63,"column":23},"end":{"line":76,"column":3}},"line":63},"25":{"name":"(anonymous_25)","decl":{"start":{"line":71,"column":10},"end":{"line":71,"column":11}},"loc":{"start":{"line":71,"column":22},"end":{"line":71,"column":37}},"line":71},"26":{"name":"(anonymous_26)","decl":{"start":{"line":72,"column":10},"end":{"line":72,"column":11}},"loc":{"start":{"line":72,"column":20},"end":{"line":74,"column":5}},"line":72},"27":{"name":"(anonymous_27)","decl":{"start":{"line":75,"column":11},"end":{"line":75,"column":12}},"loc":{"start":{"line":75,"column":20},"end":{"line":75,"column":58}},"line":75},"28":{"name":"(anonymous_28)","decl":{"start":{"line":79,"column":28},"end":{"line":79,"column":29}},"loc":{"start":{"line":79,"column":48},"end":{"line":99,"column":1}},"line":79},"29":{"name":"(anonymous_29)","decl":{"start":{"line":85,"column":9},"end":{"line":85,"column":10}},"loc":{"start":{"line":85,"column":23},"end":{"line":98,"column":3}},"line":85},"30":{"name":"(anonymous_30)","decl":{"start":{"line":93,"column":10},"end":{"line":93,"column":11}},"loc":{"start":{"line":93,"column":22},"end":{"line":93,"column":37}},"line":93},"31":{"name":"(anonymous_31)","decl":{"start":{"line":94,"column":10},"end":{"line":94,"column":11}},"loc":{"start":{"line":94,"column":22},"end":{"line":96,"column":5}},"line":94},"32":{"name":"(anonymous_32)","decl":{"start":{"line":97,"column":11},"end":{"line":97,"column":12}},"loc":{"start":{"line":97,"column":20},"end":{"line":97,"column":58}},"line":97},"33":{"name":"(anonymous_33)","decl":{"start":{"line":101,"column":29},"end":{"line":101,"column":30}},"loc":{"start":{"line":101,"column":53},"end":{"line":116,"column":1}},"line":101},"34":{"name":"(anonymous_34)","decl":{"start":{"line":106,"column":9},"end":{"line":106,"column":10}},"loc":{"start":{"line":106,"column":23},"end":{"line":115,"column":3}},"line":106},"35":{"name":"(anonymous_35)","decl":{"start":{"line":114,"column":11},"end":{"line":114,"column":12}},"loc":{"start":{"line":114,"column":20},"end":{"line":114,"column":58}},"line":114},"36":{"name":"(anonymous_36)","decl":{"start":{"line":118,"column":30},"end":{"line":118,"column":31}},"loc":{"start":{"line":118,"column":51},"end":{"line":127,"column":1}},"line":118},"37":{"name":"(anonymous_37)","decl":{"start":{"line":119,"column":9},"end":{"line":119,"column":10}},"loc":{"start":{"line":119,"column":23},"end":{"line":126,"column":3}},"line":119},"38":{"name":"(anonymous_38)","decl":{"start":{"line":121,"column":12},"end":{"line":121,"column":13}},"loc":{"start":{"line":121,"column":24},"end":{"line":121,"column":39}},"line":121},"39":{"name":"(anonymous_39)","decl":{"start":{"line":122,"column":12},"end":{"line":122,"column":13}},"loc":{"start":{"line":122,"column":22},"end":{"line":124,"column":7}},"line":122},"40":{"name":"(anonymous_40)","decl":{"start":{"line":125,"column":13},"end":{"line":125,"column":14}},"loc":{"start":{"line":125,"column":22},"end":{"line":125,"column":60}},"line":125},"41":{"name":"(anonymous_41)","decl":{"start":{"line":129,"column":27},"end":{"line":129,"column":28}},"loc":{"start":{"line":129,"column":33},"end":{"line":140,"column":1}},"line":129},"42":{"name":"(anonymous_42)","decl":{"start":{"line":130,"column":9},"end":{"line":130,"column":10}},"loc":{"start":{"line":130,"column":23},"end":{"line":139,"column":3}},"line":130},"43":{"name":"(anonymous_43)","decl":{"start":{"line":132,"column":12},"end":{"line":132,"column":13}},"loc":{"start":{"line":132,"column":24},"end":{"line":134,"column":7}},"line":132},"44":{"name":"(anonymous_44)","decl":{"start":{"line":135,"column":12},"end":{"line":135,"column":13}},"loc":{"start":{"line":135,"column":20},"end":{"line":137,"column":7}},"line":135},"45":{"name":"(anonymous_45)","decl":{"start":{"line":138,"column":13},"end":{"line":138,"column":14}},"loc":{"start":{"line":138,"column":20},"end":{"line":138,"column":22}},"line":138},"46":{"name":"(anonymous_46)","decl":{"start":{"line":143,"column":33},"end":{"line":143,"column":34}},"loc":{"start":{"line":143,"column":58},"end":{"line":151,"column":1}},"line":143},"47":{"name":"(anonymous_47)","decl":{"start":{"line":144,"column":9},"end":{"line":144,"column":10}},"loc":{"start":{"line":144,"column":23},"end":{"line":150,"column":3}},"line":144},"48":{"name":"(anonymous_48)","decl":{"start":{"line":153,"column":36},"end":{"line":153,"column":37}},"loc":{"start":{"line":153,"column":53},"end":{"line":161,"column":1}},"line":153},"49":{"name":"(anonymous_49)","decl":{"start":{"line":154,"column":9},"end":{"line":154,"column":10}},"loc":{"start":{"line":154,"column":23},"end":{"line":160,"column":3}},"line":154},"50":{"name":"(anonymous_50)","decl":{"start":{"line":156,"column":12},"end":{"line":156,"column":13}},"loc":{"start":{"line":156,"column":19},"end":{"line":156,"column":29}},"line":156},"51":{"name":"(anonymous_51)","decl":{"start":{"line":157,"column":10},"end":{"line":157,"column":11}},"loc":{"start":{"line":157,"column":29},"end":{"line":159,"column":5}},"line":157}},"branchMap":{"0":{"loc":{"start":{"line":29,"column":4},"end":{"line":41,"column":5}},"type":"if","locations":[{"start":{"line":29,"column":4},"end":{"line":41,"column":5}},{"start":{"line":29,"column":4},"end":{"line":41,"column":5}}],"line":29}},"s":{"0":9,"1":0,"2":9,"3":0,"4":9,"5":0,"6":9,"7":0,"8":9,"9":0,"10":9,"11":0,"12":9,"13":0,"14":9,"15":0,"16":9,"17":0,"18":9,"19":0,"20":9,"21":0,"22":0,"23":0,"24":9,"25":0,"26":0,"27":0,"28":0,"29":0,"30":0,"31":9,"32":0,"33":0,"34":0,"35":0,"36":0,"37":9,"38":0,"39":0,"40":0,"41":0,"42":0,"43":9,"44":0,"45":0,"46":0,"47":0,"48":0,"49":0,"50":9,"51":0,"52":0,"53":0,"54":0,"55":9,"56":0,"57":0,"58":0,"59":0,"60":0,"61":9,"62":0,"63":0,"64":0,"65":0,"66":9,"67":0,"68":0,"69":9,"70":0,"71":0,"72":0,"73":0},"f":{"0":0,"1":0,"2":0,"3":0,"4":0,"5":0,"6":0,"7":0,"8":0,"9":0,"10":0,"11":0,"12":0,"13":0,"14":0,"15":0,"16":0,"17":0,"18":0,"19":0,"20":0,"21":0,"22":0,"23":0,"24":0,"25":0,"26":0,"27":0,"28":0,"29":0,"30":0,"31":0,"32":0,"33":0,"34":0,"35":0,"36":0,"37":0,"38":0,"39":0,"40":0,"41":0,"42":0,"43":0,"44":0,"45":0,"46":0,"47":0,"48":0,"49":0,"50":0,"51":0},"b":{"0":[0,0]},"_coverageSchema":"332fd63041d2c1bcb487cc26dd0d5f7d97098a6c","hash":"8cdca41ed15d42f5d5c5af35980f6681f09ac788"}
,"/Users/hacktiv8/Desktop/geo_arg_mobile/src/components/CameraOn.js": {"path":"/Users/hacktiv8/Desktop/geo_arg_mobile/src/components/CameraOn.js","statementMap":{"0":{"start":{"line":10,"column":15},"end":{"line":28,"column":2}},"1":{"start":{"line":32,"column":4},"end":{"line":35,"column":6}},"2":{"start":{"line":33,"column":6},"end":{"line":33,"column":32}},"3":{"start":{"line":34,"column":6},"end":{"line":34,"column":17}},"4":{"start":{"line":36,"column":4},"end":{"line":48,"column":6}},"5":{"start":{"line":41,"column":12},"end":{"line":41,"column":30}},"6":{"start":{"line":52,"column":4},"end":{"line":79,"column":38}},"7":{"start":{"line":54,"column":22},"end":{"line":54,"column":32}},"8":{"start":{"line":55,"column":21},"end":{"line":55,"column":50}},"9":{"start":{"line":56,"column":19},"end":{"line":60,"column":7}},"10":{"start":{"line":61,"column":22},"end":{"line":68,"column":7}},"11":{"start":{"line":69,"column":6},"end":{"line":77,"column":8}},"12":{"start":{"line":70,"column":8},"end":{"line":72,"column":9}},"13":{"start":{"line":71,"column":10},"end":{"line":71,"column":68}},"14":{"start":{"line":73,"column":8},"end":{"line":73,"column":99}},"15":{"start":{"line":74,"column":8},"end":{"line":76,"column":9}},"16":{"start":{"line":75,"column":10},"end":{"line":75,"column":36}},"17":{"start":{"line":79,"column":18},"end":{"line":79,"column":36}},"18":{"start":{"line":83,"column":24},"end":{"line":87,"column":1}},"19":{"start":{"line":84,"column":2},"end":{"line":86,"column":3}},"20":{"start":{"line":89,"column":27},"end":{"line":91,"column":1}},"21":{"start":{"line":90,"column":2},"end":{"line":90,"column":58}}},"fnMap":{"0":{"name":"(anonymous_0)","decl":{"start":{"line":31,"column":2},"end":{"line":31,"column":3}},"loc":{"start":{"line":31,"column":11},"end":{"line":49,"column":3}},"line":31},"1":{"name":"(anonymous_1)","decl":{"start":{"line":32,"column":54},"end":{"line":32,"column":55}},"loc":{"start":{"line":32,"column":59},"end":{"line":35,"column":5}},"line":32},"2":{"name":"(anonymous_2)","decl":{"start":{"line":40,"column":15},"end":{"line":40,"column":16}},"loc":{"start":{"line":40,"column":24},"end":{"line":42,"column":11}},"line":40},"3":{"name":"(anonymous_3)","decl":{"start":{"line":51,"column":2},"end":{"line":51,"column":3}},"loc":{"start":{"line":51,"column":16},"end":{"line":80,"column":3}},"line":51},"4":{"name":"(anonymous_4)","decl":{"start":{"line":53,"column":10},"end":{"line":53,"column":11}},"loc":{"start":{"line":53,"column":20},"end":{"line":78,"column":5}},"line":53},"5":{"name":"(anonymous_5)","decl":{"start":{"line":69,"column":35},"end":{"line":69,"column":36}},"loc":{"start":{"line":69,"column":47},"end":{"line":77,"column":7}},"line":69},"6":{"name":"(anonymous_6)","decl":{"start":{"line":79,"column":11},"end":{"line":79,"column":12}},"loc":{"start":{"line":79,"column":18},"end":{"line":79,"column":36}},"line":79},"7":{"name":"(anonymous_7)","decl":{"start":{"line":83,"column":24},"end":{"line":83,"column":25}},"loc":{"start":{"line":83,"column":33},"end":{"line":87,"column":1}},"line":83},"8":{"name":"(anonymous_8)","decl":{"start":{"line":89,"column":27},"end":{"line":89,"column":28}},"loc":{"start":{"line":89,"column":41},"end":{"line":91,"column":1}},"line":89}},"branchMap":{"0":{"loc":{"start":{"line":70,"column":8},"end":{"line":72,"column":9}},"type":"if","locations":[{"start":{"line":70,"column":8},"end":{"line":72,"column":9}},{"start":{"line":70,"column":8},"end":{"line":72,"column":9}}],"line":70},"1":{"loc":{"start":{"line":74,"column":8},"end":{"line":76,"column":9}},"type":"if","locations":[{"start":{"line":74,"column":8},"end":{"line":76,"column":9}},{"start":{"line":74,"column":8},"end":{"line":76,"column":9}}],"line":74}},"s":{"0":5,"1":1,"2":0,"3":0,"4":1,"5":0,"6":0,"7":0,"8":0,"9":0,"10":0,"11":0,"12":0,"13":0,"14":0,"15":0,"16":0,"17":0,"18":5,"19":1,"20":5,"21":1},"f":{"0":1,"1":0,"2":0,"3":0,"4":0,"5":0,"6":0,"7":1,"8":1},"b":{"0":[0,0],"1":[0,0]},"_coverageSchema":"332fd63041d2c1bcb487cc26dd0d5f7d97098a6c","hash":"e013fe31af205213db30f74fa9f66591250f7b22"}
,"/Users/hacktiv8/Desktop/geo_arg_mobile/src/components/EventMap.js": {"path":"/Users/hacktiv8/Desktop/geo_arg_mobile/src/components/EventMap.js","statementMap":{"0":{"start":{"line":10,"column":24},"end":{"line":10,"column":48}},"1":{"start":{"line":12,"column":15},"end":{"line":21,"column":1}},"2":{"start":{"line":25,"column":4},"end":{"line":25,"column":16}},"3":{"start":{"line":26,"column":4},"end":{"line":33,"column":5}},"4":{"start":{"line":34,"column":4},"end":{"line":34,"column":56}},"5":{"start":{"line":38,"column":4},"end":{"line":38,"column":29}},"6":{"start":{"line":42,"column":4},"end":{"line":42,"column":28}},"7":{"start":{"line":46,"column":4},"end":{"line":87,"column":5}},"8":{"start":{"line":52,"column":29},"end":{"line":52,"column":55}},"9":{"start":{"line":70,"column":30},"end":{"line":70,"column":60}},"10":{"start":{"line":71,"column":12},"end":{"line":78,"column":13}},"11":{"start":{"line":91,"column":24},"end":{"line":95,"column":1}},"12":{"start":{"line":92,"column":2},"end":{"line":94,"column":3}},"13":{"start":{"line":97,"column":27},"end":{"line":99,"column":1}},"14":{"start":{"line":98,"column":2},"end":{"line":98,"column":54}}},"fnMap":{"0":{"name":"(anonymous_0)","decl":{"start":{"line":24,"column":2},"end":{"line":24,"column":3}},"loc":{"start":{"line":24,"column":20},"end":{"line":35,"column":3}},"line":24},"1":{"name":"(anonymous_1)","decl":{"start":{"line":37,"column":2},"end":{"line":37,"column":3}},"loc":{"start":{"line":37,"column":24},"end":{"line":39,"column":3}},"line":37},"2":{"name":"(anonymous_2)","decl":{"start":{"line":41,"column":2},"end":{"line":41,"column":3}},"loc":{"start":{"line":41,"column":23},"end":{"line":43,"column":3}},"line":41},"3":{"name":"(anonymous_3)","decl":{"start":{"line":45,"column":2},"end":{"line":45,"column":3}},"loc":{"start":{"line":45,"column":10},"end":{"line":88,"column":3}},"line":45},"4":{"name":"(anonymous_4)","decl":{"start":{"line":52,"column":23},"end":{"line":52,"column":24}},"loc":{"start":{"line":52,"column":29},"end":{"line":52,"column":55}},"line":52},"5":{"name":"(anonymous_5)","decl":{"start":{"line":69,"column":33},"end":{"line":69,"column":34}},"loc":{"start":{"line":69,"column":52},"end":{"line":78,"column":14}},"line":69},"6":{"name":"(anonymous_6)","decl":{"start":{"line":91,"column":24},"end":{"line":91,"column":25}},"loc":{"start":{"line":91,"column":33},"end":{"line":95,"column":1}},"line":91},"7":{"name":"(anonymous_7)","decl":{"start":{"line":97,"column":27},"end":{"line":97,"column":28}},"loc":{"start":{"line":97,"column":39},"end":{"line":99,"column":1}},"line":97}},"branchMap":{},"s":{"0":5,"1":5,"2":1,"3":1,"4":1,"5":0,"6":0,"7":1,"8":0,"9":0,"10":0,"11":5,"12":1,"13":5,"14":1},"f":{"0":1,"1":0,"2":0,"3":1,"4":0,"5":0,"6":1,"7":1},"b":{},"_coverageSchema":"332fd63041d2c1bcb487cc26dd0d5f7d97098a6c","hash":"7826c9cf3fae3c5e979e31b2f3b9ca7928783807"}
,"/Users/hacktiv8/Desktop/geo_arg_mobile/src/components/GameEvent.js": {"path":"/Users/hacktiv8/Desktop/geo_arg_mobile/src/components/GameEvent.js","statementMap":{"0":{"start":{"line":10,"column":24},"end":{"line":10,"column":48}},"1":{"start":{"line":14,"column":4},"end":{"line":14,"column":17}},"2":{"start":{"line":15,"column":4},"end":{"line":24,"column":6}},"3":{"start":{"line":25,"column":4},"end":{"line":25,"column":64}},"4":{"start":{"line":26,"column":4},"end":{"line":26,"column":52}},"5":{"start":{"line":27,"column":4},"end":{"line":27,"column":48}},"6":{"start":{"line":31,"column":4},"end":{"line":31,"column":38}},"7":{"start":{"line":32,"column":4},"end":{"line":32,"column":73}},"8":{"start":{"line":36,"column":4},"end":{"line":36,"column":68}},"9":{"start":{"line":37,"column":4},"end":{"line":37,"column":35}},"10":{"start":{"line":38,"column":4},"end":{"line":38,"column":60}},"11":{"start":{"line":38,"column":20},"end":{"line":38,"column":52}},"12":{"start":{"line":42,"column":4},"end":{"line":58,"column":5}},"13":{"start":{"line":44,"column":8},"end":{"line":47,"column":10}},"14":{"start":{"line":48,"column":8},"end":{"line":48,"column":14}},"15":{"start":{"line":50,"column":10},"end":{"line":50,"column":78}},"16":{"start":{"line":51,"column":8},"end":{"line":51,"column":14}},"17":{"start":{"line":53,"column":8},"end":{"line":53,"column":44}},"18":{"start":{"line":54,"column":8},"end":{"line":54,"column":53}},"19":{"start":{"line":55,"column":8},"end":{"line":55,"column":14}},"20":{"start":{"line":57,"column":8},"end":{"line":57,"column":14}},"21":{"start":{"line":62,"column":4},"end":{"line":62,"column":71}},"22":{"start":{"line":66,"column":4},"end":{"line":66,"column":75}},"23":{"start":{"line":67,"column":4},"end":{"line":69,"column":12}},"24":{"start":{"line":68,"column":6},"end":{"line":68,"column":44}},"25":{"start":{"line":70,"column":4},"end":{"line":85,"column":6}},"26":{"start":{"line":72,"column":8},"end":{"line":76,"column":9}},"27":{"start":{"line":73,"column":10},"end":{"line":73,"column":69}},"28":{"start":{"line":75,"column":10},"end":{"line":75,"column":83}},"29":{"start":{"line":77,"column":8},"end":{"line":81,"column":11}},"30":{"start":{"line":83,"column":17},"end":{"line":83,"column":56}},"31":{"start":{"line":89,"column":4},"end":{"line":96,"column":5}},"32":{"start":{"line":90,"column":6},"end":{"line":95,"column":7}},"33":{"start":{"line":93,"column":46},"end":{"line":93,"column":87}},"34":{"start":{"line":100,"column":4},"end":{"line":100,"column":51}},"35":{"start":{"line":104,"column":4},"end":{"line":181,"column":6}},"36":{"start":{"line":110,"column":29},"end":{"line":110,"column":55}},"37":{"start":{"line":137,"column":16},"end":{"line":140,"column":17}},"38":{"start":{"line":138,"column":16},"end":{"line":140,"column":17}},"39":{"start":{"line":147,"column":16},"end":{"line":161,"column":17}},"40":{"start":{"line":148,"column":18},"end":{"line":160,"column":19}},"41":{"start":{"line":151,"column":50},"end":{"line":151,"column":77}},"42":{"start":{"line":157,"column":36},"end":{"line":157,"column":70}},"43":{"start":{"line":162,"column":31},"end":{"line":162,"column":131}},"44":{"start":{"line":163,"column":16},"end":{"line":176,"column":17}},"45":{"start":{"line":165,"column":53},"end":{"line":165,"column":83}},"46":{"start":{"line":185,"column":24},"end":{"line":193,"column":1}},"47":{"start":{"line":186,"column":2},"end":{"line":192,"column":3}},"48":{"start":{"line":191,"column":79},"end":{"line":191,"column":91}},"49":{"start":{"line":195,"column":27},"end":{"line":197,"column":1}},"50":{"start":{"line":196,"column":2},"end":{"line":196,"column":134}}},"fnMap":{"0":{"name":"(anonymous_0)","decl":{"start":{"line":13,"column":2},"end":{"line":13,"column":3}},"loc":{"start":{"line":13,"column":21},"end":{"line":28,"column":3}},"line":13},"1":{"name":"(anonymous_1)","decl":{"start":{"line":30,"column":2},"end":{"line":30,"column":3}},"loc":{"start":{"line":30,"column":16},"end":{"line":33,"column":3}},"line":30},"2":{"name":"(anonymous_2)","decl":{"start":{"line":35,"column":2},"end":{"line":35,"column":3}},"loc":{"start":{"line":35,"column":14},"end":{"line":39,"column":3}},"line":35},"3":{"name":"(anonymous_3)","decl":{"start":{"line":38,"column":15},"end":{"line":38,"column":16}},"loc":{"start":{"line":38,"column":19},"end":{"line":38,"column":53}},"line":38},"4":{"name":"(anonymous_4)","decl":{"start":{"line":41,"column":2},"end":{"line":41,"column":3}},"loc":{"start":{"line":41,"column":31},"end":{"line":59,"column":3}},"line":41},"5":{"name":"(anonymous_5)","decl":{"start":{"line":61,"column":2},"end":{"line":61,"column":3}},"loc":{"start":{"line":61,"column":22},"end":{"line":63,"column":3}},"line":61},"6":{"name":"(anonymous_6)","decl":{"start":{"line":65,"column":2},"end":{"line":65,"column":3}},"loc":{"start":{"line":65,"column":21},"end":{"line":86,"column":3}},"line":65},"7":{"name":"(anonymous_7)","decl":{"start":{"line":67,"column":15},"end":{"line":67,"column":16}},"loc":{"start":{"line":67,"column":21},"end":{"line":69,"column":5}},"line":67},"8":{"name":"(anonymous_8)","decl":{"start":{"line":71,"column":6},"end":{"line":71,"column":7}},"loc":{"start":{"line":71,"column":20},"end":{"line":82,"column":7}},"line":71},"9":{"name":"(anonymous_9)","decl":{"start":{"line":83,"column":6},"end":{"line":83,"column":7}},"loc":{"start":{"line":83,"column":17},"end":{"line":83,"column":56}},"line":83},"10":{"name":"(anonymous_10)","decl":{"start":{"line":88,"column":2},"end":{"line":88,"column":3}},"loc":{"start":{"line":88,"column":38},"end":{"line":97,"column":3}},"line":88},"11":{"name":"(anonymous_11)","decl":{"start":{"line":93,"column":40},"end":{"line":93,"column":41}},"loc":{"start":{"line":93,"column":46},"end":{"line":93,"column":87}},"line":93},"12":{"name":"(anonymous_12)","decl":{"start":{"line":99,"column":2},"end":{"line":99,"column":3}},"loc":{"start":{"line":99,"column":24},"end":{"line":101,"column":3}},"line":99},"13":{"name":"(anonymous_13)","decl":{"start":{"line":103,"column":2},"end":{"line":103,"column":3}},"loc":{"start":{"line":103,"column":10},"end":{"line":182,"column":3}},"line":103},"14":{"name":"(anonymous_14)","decl":{"start":{"line":110,"column":23},"end":{"line":110,"column":24}},"loc":{"start":{"line":110,"column":29},"end":{"line":110,"column":55}},"line":110},"15":{"name":"(anonymous_15)","decl":{"start":{"line":136,"column":101},"end":{"line":136,"column":102}},"loc":{"start":{"line":136,"column":120},"end":{"line":141,"column":17}},"line":136},"16":{"name":"(anonymous_16)","decl":{"start":{"line":145,"column":81},"end":{"line":145,"column":82}},"loc":{"start":{"line":145,"column":99},"end":{"line":177,"column":15}},"line":145},"17":{"name":"(anonymous_17)","decl":{"start":{"line":151,"column":36},"end":{"line":151,"column":37}},"loc":{"start":{"line":151,"column":50},"end":{"line":151,"column":77}},"line":151},"18":{"name":"(anonymous_18)","decl":{"start":{"line":157,"column":30},"end":{"line":157,"column":31}},"loc":{"start":{"line":157,"column":36},"end":{"line":157,"column":70}},"line":157},"19":{"name":"(anonymous_19)","decl":{"start":{"line":165,"column":47},"end":{"line":165,"column":48}},"loc":{"start":{"line":165,"column":53},"end":{"line":165,"column":83}},"line":165},"20":{"name":"(anonymous_20)","decl":{"start":{"line":185,"column":24},"end":{"line":185,"column":25}},"loc":{"start":{"line":185,"column":33},"end":{"line":193,"column":1}},"line":185},"21":{"name":"(anonymous_21)","decl":{"start":{"line":191,"column":74},"end":{"line":191,"column":75}},"loc":{"start":{"line":191,"column":79},"end":{"line":191,"column":91}},"line":191},"22":{"name":"(anonymous_22)","decl":{"start":{"line":195,"column":27},"end":{"line":195,"column":28}},"loc":{"start":{"line":195,"column":39},"end":{"line":197,"column":1}},"line":195}},"branchMap":{"0":{"loc":{"start":{"line":42,"column":4},"end":{"line":58,"column":5}},"type":"switch","locations":[{"start":{"line":43,"column":6},"end":{"line":48,"column":14}},{"start":{"line":49,"column":6},"end":{"line":51,"column":14}},{"start":{"line":52,"column":6},"end":{"line":55,"column":14}},{"start":{"line":56,"column":6},"end":{"line":57,"column":14}}],"line":42},"1":{"loc":{"start":{"line":72,"column":8},"end":{"line":76,"column":9}},"type":"if","locations":[{"start":{"line":72,"column":8},"end":{"line":76,"column":9}},{"start":{"line":72,"column":8},"end":{"line":76,"column":9}}],"line":72},"2":{"loc":{"start":{"line":89,"column":4},"end":{"line":96,"column":5}},"type":"if","locations":[{"start":{"line":89,"column":4},"end":{"line":96,"column":5}},{"start":{"line":89,"column":4},"end":{"line":96,"column":5}}],"line":89},"3":{"loc":{"start":{"line":119,"column":15},"end":{"line":121,"column":109}},"type":"cond-expr","locations":[{"start":{"line":120,"column":16},"end":{"line":120,"column":147}},{"start":{"line":121,"column":16},"end":{"line":121,"column":109}}],"line":119},"4":{"loc":{"start":{"line":133,"column":13},"end":{"line":133,"column":77}},"type":"cond-expr","locations":[{"start":{"line":133,"column":32},"end":{"line":133,"column":70}},{"start":{"line":133,"column":73},"end":{"line":133,"column":77}}],"line":133},"5":{"loc":{"start":{"line":136,"column":15},"end":{"line":141,"column":18}},"type":"cond-expr","locations":[{"start":{"line":136,"column":59},"end":{"line":136,"column":63}},{"start":{"line":136,"column":66},"end":{"line":141,"column":18}}],"line":136},"6":{"loc":{"start":{"line":137,"column":16},"end":{"line":140,"column":17}},"type":"if","locations":[{"start":{"line":137,"column":16},"end":{"line":140,"column":17}},{"start":{"line":137,"column":16},"end":{"line":140,"column":17}}],"line":137},"7":{"loc":{"start":{"line":138,"column":23},"end":{"line":140,"column":17}},"type":"cond-expr","locations":[{"start":{"line":138,"column":66},"end":{"line":138,"column":70}},{"start":{"line":139,"column":18},"end":{"line":139,"column":105}}],"line":138},"8":{"loc":{"start":{"line":145,"column":15},"end":{"line":177,"column":16}},"type":"cond-expr","locations":[{"start":{"line":145,"column":49},"end":{"line":145,"column":53}},{"start":{"line":145,"column":56},"end":{"line":177,"column":16}}],"line":145},"9":{"loc":{"start":{"line":147,"column":16},"end":{"line":161,"column":17}},"type":"if","locations":[{"start":{"line":147,"column":16},"end":{"line":161,"column":17}},{"start":{"line":147,"column":16},"end":{"line":161,"column":17}}],"line":147},"10":{"loc":{"start":{"line":147,"column":20},"end":{"line":147,"column":80}},"type":"binary-expr","locations":[{"start":{"line":147,"column":20},"end":{"line":147,"column":55}},{"start":{"line":147,"column":59},"end":{"line":147,"column":80}}],"line":147},"11":{"loc":{"start":{"line":162,"column":31},"end":{"line":162,"column":131}},"type":"cond-expr","locations":[{"start":{"line":162,"column":50},"end":{"line":162,"column":89}},{"start":{"line":162,"column":92},"end":{"line":162,"column":131}}],"line":162},"12":{"loc":{"start":{"line":191,"column":16},"end":{"line":191,"column":124}},"type":"cond-expr","locations":[{"start":{"line":191,"column":47},"end":{"line":191,"column":48}},{"start":{"line":191,"column":51},"end":{"line":191,"column":124}}],"line":191}},"s":{"0":5,"1":0,"2":0,"3":0,"4":0,"5":0,"6":0,"7":0,"8":0,"9":0,"10":0,"11":0,"12":0,"13":0,"14":0,"15":0,"16":0,"17":0,"18":0,"19":0,"20":0,"21":0,"22":0,"23":0,"24":0,"25":0,"26":0,"27":0,"28":0,"29":0,"30":0,"31":0,"32":0,"33":0,"34":0,"35":0,"36":0,"37":0,"38":0,"39":0,"40":0,"41":0,"42":0,"43":0,"44":0,"45":0,"46":5,"47":1,"48":0,"49":5,"50":0},"f":{"0":0,"1":0,"2":0,"3":0,"4":0,"5":0,"6":0,"7":0,"8":0,"9":0,"10":0,"11":0,"12":0,"13":0,"14":0,"15":0,"16":0,"17":0,"18":0,"19":0,"20":1,"21":0,"22":0},"b":{"0":[0,0,0,0],"1":[0,0],"2":[0,0],"3":[0,0],"4":[0,0],"5":[0,0],"6":[0,0],"7":[0,0],"8":[0,0],"9":[0,0],"10":[0,0],"11":[0,0],"12":[0,0]},"_coverageSchema":"332fd63041d2c1bcb487cc26dd0d5f7d97098a6c","hash":"438f0f687340b23b693075989ff0225b2ae5ecdf"}
,"/Users/hacktiv8/Desktop/geo_arg_mobile/src/components/Help.js": {"path":"/Users/hacktiv8/Desktop/geo_arg_mobile/src/components/Help.js","statementMap":{"0":{"start":{"line":5,"column":24},"end":{"line":5,"column":48}},"1":{"start":{"line":9,"column":4},"end":{"line":9,"column":16}},"2":{"start":{"line":13,"column":4},"end":{"line":67,"column":5}},"3":{"start":{"line":19,"column":29},"end":{"line":19,"column":55}}},"fnMap":{"0":{"name":"(anonymous_0)","decl":{"start":{"line":8,"column":2},"end":{"line":8,"column":3}},"loc":{"start":{"line":8,"column":22},"end":{"line":10,"column":3}},"line":8},"1":{"name":"(anonymous_1)","decl":{"start":{"line":12,"column":2},"end":{"line":12,"column":3}},"loc":{"start":{"line":12,"column":12},"end":{"line":68,"column":3}},"line":12},"2":{"name":"(anonymous_2)","decl":{"start":{"line":19,"column":23},"end":{"line":19,"column":24}},"loc":{"start":{"line":19,"column":29},"end":{"line":19,"column":55}},"line":19}},"branchMap":{},"s":{"0":5,"1":1,"2":1,"3":0},"f":{"0":1,"1":1,"2":0},"b":{},"_coverageSchema":"332fd63041d2c1bcb487cc26dd0d5f7d97098a6c","hash":"fe455ef1acc03c5fb05f0c90158903c475bb4c3e"}
,"/Users/hacktiv8/Desktop/geo_arg_mobile/src/components/Home.js": {"path":"/Users/hacktiv8/Desktop/geo_arg_mobile/src/components/Home.js","statementMap":{"0":{"start":{"line":5,"column":24},"end":{"line":5,"column":48}},"1":{"start":{"line":7,"column":13},"end":{"line":60,"column":1}},"2":{"start":{"line":64,"column":4},"end":{"line":64,"column":16}},"3":{"start":{"line":68,"column":4},"end":{"line":70,"column":6}},"4":{"start":{"line":69,"column":6},"end":{"line":69,"column":18}},"5":{"start":{"line":71,"column":4},"end":{"line":140,"column":6}},"6":{"start":{"line":100,"column":31},"end":{"line":102,"column":18}},"7":{"start":{"line":109,"column":31},"end":{"line":111,"column":18}},"8":{"start":{"line":120,"column":31},"end":{"line":122,"column":18}},"9":{"start":{"line":129,"column":31},"end":{"line":131,"column":18}}},"fnMap":{"0":{"name":"(anonymous_0)","decl":{"start":{"line":63,"column":2},"end":{"line":63,"column":3}},"loc":{"start":{"line":63,"column":22},"end":{"line":65,"column":3}},"line":63},"1":{"name":"(anonymous_1)","decl":{"start":{"line":67,"column":2},"end":{"line":67,"column":3}},"loc":{"start":{"line":67,"column":11},"end":{"line":141,"column":3}},"line":67},"2":{"name":"(anonymous_2)","decl":{"start":{"line":68,"column":45},"end":{"line":68,"column":46}},"loc":{"start":{"line":68,"column":56},"end":{"line":70,"column":5}},"line":68},"3":{"name":"(anonymous_3)","decl":{"start":{"line":100,"column":25},"end":{"line":100,"column":26}},"loc":{"start":{"line":100,"column":31},"end":{"line":102,"column":18}},"line":100},"4":{"name":"(anonymous_4)","decl":{"start":{"line":109,"column":25},"end":{"line":109,"column":26}},"loc":{"start":{"line":109,"column":31},"end":{"line":111,"column":18}},"line":109},"5":{"name":"(anonymous_5)","decl":{"start":{"line":120,"column":25},"end":{"line":120,"column":26}},"loc":{"start":{"line":120,"column":31},"end":{"line":122,"column":18}},"line":120},"6":{"name":"(anonymous_6)","decl":{"start":{"line":129,"column":25},"end":{"line":129,"column":26}},"loc":{"start":{"line":129,"column":31},"end":{"line":131,"column":18}},"line":129}},"branchMap":{},"s":{"0":5,"1":5,"2":1,"3":1,"4":0,"5":1,"6":0,"7":0,"8":0,"9":0},"f":{"0":1,"1":1,"2":0,"3":0,"4":0,"5":0,"6":0},"b":{},"_coverageSchema":"332fd63041d2c1bcb487cc26dd0d5f7d97098a6c","hash":"fc6520de719f8ce15215c1fc7235d58601d0c633"}
,"/Users/hacktiv8/Desktop/geo_arg_mobile/src/components/ListEvent.js": {"path":"/Users/hacktiv8/Desktop/geo_arg_mobile/src/components/ListEvent.js","statementMap":{"0":{"start":{"line":10,"column":24},"end":{"line":10,"column":48}},"1":{"start":{"line":12,"column":13},"end":{"line":71,"column":1}},"2":{"start":{"line":75,"column":4},"end":{"line":75,"column":16}},"3":{"start":{"line":76,"column":4},"end":{"line":79,"column":5}},"4":{"start":{"line":83,"column":4},"end":{"line":83,"column":28}},"5":{"start":{"line":87,"column":4},"end":{"line":146,"column":5}},"6":{"start":{"line":93,"column":29},"end":{"line":93,"column":55}},"7":{"start":{"line":118,"column":38},"end":{"line":118,"column":84}},"8":{"start":{"line":119,"column":18},"end":{"line":139,"column":19}},"9":{"start":{"line":131,"column":28},"end":{"line":131,"column":58}},"10":{"start":{"line":132,"column":28},"end":{"line":132,"column":69}},"11":{"start":{"line":150,"column":24},"end":{"line":154,"column":1}},"12":{"start":{"line":151,"column":2},"end":{"line":153,"column":3}},"13":{"start":{"line":156,"column":27},"end":{"line":162,"column":1}},"14":{"start":{"line":157,"column":2},"end":{"line":161,"column":3}},"15":{"start":{"line":158,"column":23},"end":{"line":158,"column":46}},"16":{"start":{"line":159,"column":29},"end":{"line":159,"column":58}},"17":{"start":{"line":160,"column":23},"end":{"line":160,"column":46}}},"fnMap":{"0":{"name":"(anonymous_0)","decl":{"start":{"line":74,"column":2},"end":{"line":74,"column":3}},"loc":{"start":{"line":74,"column":22},"end":{"line":80,"column":3}},"line":74},"1":{"name":"(anonymous_1)","decl":{"start":{"line":82,"column":2},"end":{"line":82,"column":3}},"loc":{"start":{"line":82,"column":23},"end":{"line":84,"column":3}},"line":82},"2":{"name":"(anonymous_2)","decl":{"start":{"line":86,"column":2},"end":{"line":86,"column":3}},"loc":{"start":{"line":86,"column":12},"end":{"line":147,"column":3}},"line":86},"3":{"name":"(anonymous_3)","decl":{"start":{"line":93,"column":23},"end":{"line":93,"column":24}},"loc":{"start":{"line":93,"column":29},"end":{"line":93,"column":55}},"line":93},"4":{"name":"(anonymous_4)","decl":{"start":{"line":117,"column":38},"end":{"line":117,"column":39}},"loc":{"start":{"line":117,"column":60},"end":{"line":140,"column":17}},"line":117},"5":{"name":"(anonymous_5)","decl":{"start":{"line":130,"column":72},"end":{"line":130,"column":73}},"loc":{"start":{"line":130,"column":76},"end":{"line":133,"column":27}},"line":130},"6":{"name":"(anonymous_6)","decl":{"start":{"line":150,"column":24},"end":{"line":150,"column":25}},"loc":{"start":{"line":150,"column":35},"end":{"line":154,"column":1}},"line":150},"7":{"name":"(anonymous_7)","decl":{"start":{"line":156,"column":27},"end":{"line":156,"column":28}},"loc":{"start":{"line":156,"column":41},"end":{"line":162,"column":1}},"line":156},"8":{"name":"(anonymous_8)","decl":{"start":{"line":158,"column":17},"end":{"line":158,"column":18}},"loc":{"start":{"line":158,"column":23},"end":{"line":158,"column":46}},"line":158},"9":{"name":"(anonymous_9)","decl":{"start":{"line":159,"column":14},"end":{"line":159,"column":15}},"loc":{"start":{"line":159,"column":29},"end":{"line":159,"column":58}},"line":159},"10":{"name":"(anonymous_10)","decl":{"start":{"line":160,"column":17},"end":{"line":160,"column":18}},"loc":{"start":{"line":160,"column":23},"end":{"line":160,"column":46}},"line":160}},"branchMap":{"0":{"loc":{"start":{"line":106,"column":13},"end":{"line":110,"column":17}},"type":"cond-expr","locations":[{"start":{"line":108,"column":12},"end":{"line":108,"column":114}},{"start":{"line":110,"column":12},"end":{"line":110,"column":17}}],"line":106},"1":{"loc":{"start":{"line":116,"column":15},"end":{"line":140,"column":18}},"type":"cond-expr","locations":[{"start":{"line":116,"column":46},"end":{"line":116,"column":48}},{"start":{"line":117,"column":16},"end":{"line":140,"column":18}}],"line":116}},"s":{"0":5,"1":5,"2":1,"3":1,"4":0,"5":1,"6":0,"7":0,"8":0,"9":0,"10":0,"11":5,"12":1,"13":5,"14":1,"15":0,"16":0,"17":0},"f":{"0":1,"1":0,"2":1,"3":0,"4":0,"5":0,"6":1,"7":1,"8":0,"9":0,"10":0},"b":{"0":[0,0],"1":[0,0]},"_coverageSchema":"332fd63041d2c1bcb487cc26dd0d5f7d97098a6c","hash":"8051157a64b37dcd590d3d46164800d12d39f9c9"}
,"/Users/hacktiv8/Desktop/geo_arg_mobile/src/components/Login.js": {"path":"/Users/hacktiv8/Desktop/geo_arg_mobile/src/components/Login.js","statementMap":{"0":{"start":{"line":9,"column":18},"end":{"line":9,"column":46}},"1":{"start":{"line":10,"column":26},"end":{"line":10,"column":50}},"2":{"start":{"line":11,"column":13},"end":{"line":24,"column":2}},"3":{"start":{"line":26,"column":13},"end":{"line":48,"column":2}},"4":{"start":{"line":52,"column":4},"end":{"line":52,"column":11}},"5":{"start":{"line":53,"column":4},"end":{"line":57,"column":5}},"6":{"start":{"line":58,"column":4},"end":{"line":58,"column":46}},"7":{"start":{"line":62,"column":21},"end":{"line":62,"column":41}},"8":{"start":{"line":63,"column":6},"end":{"line":63,"column":73}},"9":{"start":{"line":68,"column":4},"end":{"line":85,"column":7}},"10":{"start":{"line":69,"column":6},"end":{"line":84,"column":7}},"11":{"start":{"line":70,"column":8},"end":{"line":70,"column":52}},"12":{"start":{"line":71,"column":8},"end":{"line":71,"column":49}},"13":{"start":{"line":74,"column":8},"end":{"line":83,"column":11}},"14":{"start":{"line":77,"column":10},"end":{"line":80,"column":11}},"15":{"start":{"line":78,"column":12},"end":{"line":78,"column":29}},"16":{"start":{"line":79,"column":12},"end":{"line":79,"column":19}},"17":{"start":{"line":81,"column":10},"end":{"line":81,"column":62}},"18":{"start":{"line":82,"column":10},"end":{"line":82,"column":52}},"19":{"start":{"line":89,"column":4},"end":{"line":91,"column":6}},"20":{"start":{"line":90,"column":6},"end":{"line":90,"column":18}},"21":{"start":{"line":92,"column":4},"end":{"line":144,"column":5}},"22":{"start":{"line":148,"column":27},"end":{"line":151,"column":2}},"23":{"start":{"line":148,"column":40},"end":{"line":151,"column":1}},"24":{"start":{"line":149,"column":36},"end":{"line":149,"column":74}},"25":{"start":{"line":150,"column":33},"end":{"line":150,"column":68}}},"fnMap":{"0":{"name":"(anonymous_0)","decl":{"start":{"line":51,"column":2},"end":{"line":51,"column":3}},"loc":{"start":{"line":51,"column":16},"end":{"line":59,"column":3}},"line":51},"1":{"name":"(anonymous_1)","decl":{"start":{"line":61,"column":23},"end":{"line":61,"column":24}},"loc":{"start":{"line":61,"column":30},"end":{"line":64,"column":4}},"line":61},"2":{"name":"(anonymous_2)","decl":{"start":{"line":67,"column":2},"end":{"line":67,"column":3}},"loc":{"start":{"line":67,"column":13},"end":{"line":86,"column":3}},"line":67},"3":{"name":"(anonymous_3)","decl":{"start":{"line":68,"column":37},"end":{"line":68,"column":38}},"loc":{"start":{"line":68,"column":54},"end":{"line":85,"column":5}},"line":68},"4":{"name":"(anonymous_4)","decl":{"start":{"line":76,"column":11},"end":{"line":76,"column":12}},"loc":{"start":{"line":76,"column":36},"end":{"line":83,"column":9}},"line":76},"5":{"name":"(anonymous_5)","decl":{"start":{"line":88,"column":2},"end":{"line":88,"column":3}},"loc":{"start":{"line":88,"column":11},"end":{"line":145,"column":3}},"line":88},"6":{"name":"(anonymous_6)","decl":{"start":{"line":89,"column":45},"end":{"line":89,"column":46}},"loc":{"start":{"line":89,"column":56},"end":{"line":91,"column":5}},"line":89},"7":{"name":"(anonymous_7)","decl":{"start":{"line":148,"column":27},"end":{"line":148,"column":28}},"loc":{"start":{"line":148,"column":40},"end":{"line":151,"column":1}},"line":148},"8":{"name":"(anonymous_8)","decl":{"start":{"line":149,"column":17},"end":{"line":149,"column":18}},"loc":{"start":{"line":149,"column":36},"end":{"line":149,"column":74}},"line":149},"9":{"name":"(anonymous_9)","decl":{"start":{"line":150,"column":12},"end":{"line":150,"column":13}},"loc":{"start":{"line":150,"column":33},"end":{"line":150,"column":68}},"line":150}},"branchMap":{"0":{"loc":{"start":{"line":69,"column":6},"end":{"line":84,"column":7}},"type":"if","locations":[{"start":{"line":69,"column":6},"end":{"line":84,"column":7}},{"start":{"line":69,"column":6},"end":{"line":84,"column":7}}],"line":69},"1":{"loc":{"start":{"line":77,"column":10},"end":{"line":80,"column":11}},"type":"if","locations":[{"start":{"line":77,"column":10},"end":{"line":80,"column":11}},{"start":{"line":77,"column":10},"end":{"line":80,"column":11}}],"line":77}},"s":{"0":4,"1":4,"2":4,"3":4,"4":1,"5":1,"6":1,"7":0,"8":0,"9":0,"10":0,"11":0,"12":0,"13":0,"14":0,"15":0,"16":0,"17":0,"18":0,"19":1,"20":0,"21":1,"22":4,"23":1,"24":0,"25":0},"f":{"0":1,"1":0,"2":0,"3":0,"4":0,"5":1,"6":0,"7":1,"8":0,"9":0},"b":{"0":[0,0],"1":[0,0]},"_coverageSchema":"332fd63041d2c1bcb487cc26dd0d5f7d97098a6c","hash":"2e871294b81fc06512234b87c36ddfd612bbc76e"}
,"/Users/hacktiv8/Desktop/geo_arg_mobile/src/components/Profile.js": {"path":"/Users/hacktiv8/Desktop/geo_arg_mobile/src/components/Profile.js","statementMap":{"0":{"start":{"line":6,"column":24},"end":{"line":6,"column":48}},"1":{"start":{"line":13,"column":4},"end":{"line":13,"column":16}},"2":{"start":{"line":14,"column":4},"end":{"line":16,"column":5}},"3":{"start":{"line":17,"column":4},"end":{"line":17,"column":40}},"4":{"start":{"line":21,"column":24},"end":{"line":21,"column":56}},"5":{"start":{"line":22,"column":6},"end":{"line":22,"column":50}},"6":{"start":{"line":26,"column":4},"end":{"line":26,"column":39}},"7":{"start":{"line":27,"column":4},"end":{"line":27,"column":35}},"8":{"start":{"line":31,"column":4},"end":{"line":92,"column":5}},"9":{"start":{"line":37,"column":29},"end":{"line":37,"column":55}},"10":{"start":{"line":46,"column":29},"end":{"line":46,"column":42}},"11":{"start":{"line":66,"column":14},"end":{"line":86,"column":15}},"12":{"start":{"line":97,"column":24},"end":{"line":102,"column":1}},"13":{"start":{"line":98,"column":2},"end":{"line":101,"column":3}},"14":{"start":{"line":104,"column":27},"end":{"line":106,"column":1}},"15":{"start":{"line":105,"column":2},"end":{"line":105,"column":61}}},"fnMap":{"0":{"name":"(anonymous_0)","decl":{"start":{"line":12,"column":2},"end":{"line":12,"column":3}},"loc":{"start":{"line":12,"column":22},"end":{"line":18,"column":3}},"line":12},"1":{"name":"(anonymous_1)","decl":{"start":{"line":20,"column":2},"end":{"line":20,"column":3}},"loc":{"start":{"line":20,"column":22},"end":{"line":23,"column":3}},"line":20},"2":{"name":"(anonymous_2)","decl":{"start":{"line":25,"column":2},"end":{"line":25,"column":3}},"loc":{"start":{"line":25,"column":10},"end":{"line":28,"column":3}},"line":25},"3":{"name":"(anonymous_3)","decl":{"start":{"line":30,"column":2},"end":{"line":30,"column":3}},"loc":{"start":{"line":30,"column":12},"end":{"line":93,"column":3}},"line":30},"4":{"name":"(anonymous_4)","decl":{"start":{"line":37,"column":23},"end":{"line":37,"column":24}},"loc":{"start":{"line":37,"column":29},"end":{"line":37,"column":55}},"line":37},"5":{"name":"(anonymous_5)","decl":{"start":{"line":46,"column":23},"end":{"line":46,"column":24}},"loc":{"start":{"line":46,"column":29},"end":{"line":46,"column":42}},"line":46},"6":{"name":"(anonymous_6)","decl":{"start":{"line":65,"column":41},"end":{"line":65,"column":42}},"loc":{"start":{"line":65,"column":60},"end":{"line":88,"column":13}},"line":65},"7":{"name":"(anonymous_7)","decl":{"start":{"line":97,"column":24},"end":{"line":97,"column":25}},"loc":{"start":{"line":97,"column":35},"end":{"line":102,"column":1}},"line":97},"8":{"name":"(anonymous_8)","decl":{"start":{"line":104,"column":27},"end":{"line":104,"column":28}},"loc":{"start":{"line":104,"column":41},"end":{"line":106,"column":1}},"line":104}},"branchMap":{"0":{"loc":{"start":{"line":64,"column":11},"end":{"line":88,"column":14}},"type":"cond-expr","locations":[{"start":{"line":64,"column":49},"end":{"line":64,"column":51}},{"start":{"line":65,"column":12},"end":{"line":88,"column":14}}],"line":64},"1":{"loc":{"start":{"line":69,"column":26},"end":{"line":70,"column":97}},"type":"cond-expr","locations":[{"start":{"line":69,"column":49},"end":{"line":69,"column":119}},{"start":{"line":70,"column":26},"end":{"line":70,"column":97}}],"line":69},"2":{"loc":{"start":{"line":80,"column":27},"end":{"line":81,"column":51}},"type":"cond-expr","locations":[{"start":{"line":80,"column":50},"end":{"line":80,"column":71}},{"start":{"line":81,"column":28},"end":{"line":81,"column":51}}],"line":80}},"s":{"0":5,"1":0,"2":0,"3":0,"4":0,"5":0,"6":0,"7":0,"8":0,"9":0,"10":0,"11":0,"12":5,"13":1,"14":5,"15":0},"f":{"0":0,"1":0,"2":0,"3":0,"4":0,"5":0,"6":0,"7":1,"8":0},"b":{"0":[0,0],"1":[0,0],"2":[0,0]},"_coverageSchema":"332fd63041d2c1bcb487cc26dd0d5f7d97098a6c","hash":"92e341292ddaee119cf5029c560f55244ca8b8bf"}
,"/Users/hacktiv8/Desktop/geo_arg_mobile/src/components/Quest.js": {"path":"/Users/hacktiv8/Desktop/geo_arg_mobile/src/components/Quest.js","statementMap":{"0":{"start":{"line":4,"column":14},"end":{"line":10,"column":1}},"1":{"start":{"line":5,"column":2},"end":{"line":9,"column":3}}},"fnMap":{"0":{"name":"(anonymous_0)","decl":{"start":{"line":4,"column":14},"end":{"line":4,"column":15}},"loc":{"start":{"line":4,"column":25},"end":{"line":10,"column":1}},"line":4}},"branchMap":{},"s":{"0":1,"1":1},"f":{"0":1},"b":{},"_coverageSchema":"332fd63041d2c1bcb487cc26dd0d5f7d97098a6c","hash":"9e58a154cee6e077967bebd864a2e5bd1314fab6"}
,"/Users/hacktiv8/Desktop/geo_arg_mobile/src/components/index.js": {"path":"/Users/hacktiv8/Desktop/geo_arg_mobile/src/components/index.js","statementMap":{},"fnMap":{},"branchMap":{},"s":{},"f":{},"b":{},"_coverageSchema":"332fd63041d2c1bcb487cc26dd0d5f7d97098a6c","hash":"c8676d4fde95835dd2f94f3c8cf15ebbe1fa03a2"}
,"/Users/hacktiv8/Desktop/geo_arg_mobile/src/components/LoadingScreens/Loading1.js": {"path":"/Users/hacktiv8/Desktop/geo_arg_mobile/src/components/LoadingScreens/Loading1.js","statementMap":{"0":{"start":{"line":11,"column":4},"end":{"line":13,"column":13}},"1":{"start":{"line":12,"column":6},"end":{"line":12,"column":47}},"2":{"start":{"line":17,"column":4},"end":{"line":21,"column":6}},"3":{"start":{"line":25,"column":15},"end":{"line":45,"column":2}}},"fnMap":{"0":{"name":"(anonymous_0)","decl":{"start":{"line":10,"column":2},"end":{"line":10,"column":3}},"loc":{"start":{"line":10,"column":21},"end":{"line":14,"column":3}},"line":10},"1":{"name":"(anonymous_1)","decl":{"start":{"line":11,"column":15},"end":{"line":11,"column":16}},"loc":{"start":{"line":11,"column":19},"end":{"line":13,"column":5}},"line":11},"2":{"name":"(anonymous_2)","decl":{"start":{"line":16,"column":2},"end":{"line":16,"column":3}},"loc":{"start":{"line":16,"column":11},"end":{"line":22,"column":3}},"line":16}},"branchMap":{},"s":{"0":4,"1":0,"2":4,"3":5},"f":{"0":4,"1":0,"2":4},"b":{},"_coverageSchema":"332fd63041d2c1bcb487cc26dd0d5f7d97098a6c","hash":"a6653ea22cbf3428bf651617b337bdff5c7473cf"}
,"/Users/hacktiv8/Desktop/geo_arg_mobile/src/components/LoadingScreens/index.js": {"path":"/Users/hacktiv8/Desktop/geo_arg_mobile/src/components/LoadingScreens/index.js","statementMap":{},"fnMap":{},"branchMap":{},"s":{},"f":{},"b":{},"_coverageSchema":"332fd63041d2c1bcb487cc26dd0d5f7d97098a6c","hash":"53e5834b427cceaa1a8026ed43e76372170ba6d2"}
,"/Users/hacktiv8/Desktop/geo_arg_mobile/src/constants/index.js": {"path":"/Users/hacktiv8/Desktop/geo_arg_mobile/src/constants/index.js","statementMap":{"0":{"start":{"line":1,"column":29},"end":{"line":1,"column":49}},"1":{"start":{"line":2,"column":20},"end":{"line":2,"column":38}},"2":{"start":{"line":3,"column":26},"end":{"line":3,"column":55}},"3":{"start":{"line":4,"column":28},"end":{"line":4,"column":54}},"4":{"start":{"line":5,"column":28},"end":{"line":5,"column":68}},"5":{"start":{"line":6,"column":26},"end":{"line":6,"column":50}},"6":{"start":{"line":7,"column":28},"end":{"line":7,"column":48}},"7":{"start":{"line":8,"column":25},"end":{"line":8,"column":53}},"8":{"start":{"line":9,"column":34},"end":{"line":9,"column":63}},"9":{"start":{"line":10,"column":31},"end":{"line":10,"column":67}}},"fnMap":{},"branchMap":{},"s":{"0":9,"1":9,"2":9,"3":9,"4":9,"5":9,"6":9,"7":9,"8":9,"9":9},"f":{},"b":{},"_coverageSchema":"332fd63041d2c1bcb487cc26dd0d5f7d97098a6c","hash":"733f546b9238121f95c7fd5fcf8440ab15df2aaf"}
,"/Users/hacktiv8/Desktop/geo_arg_mobile/src/reducers/currentEventReducer.js": {"path":"/Users/hacktiv8/Desktop/geo_arg_mobile/src/reducers/currentEventReducer.js","statementMap":{"0":{"start":{"line":4,"column":2},"end":{"line":9,"column":3}},"1":{"start":{"line":6,"column":6},"end":{"line":6,"column":27}},"2":{"start":{"line":8,"column":6},"end":{"line":8,"column":18}}},"fnMap":{"0":{"name":"(anonymous_0)","decl":{"start":{"line":3,"column":15},"end":{"line":3,"column":16}},"loc":{"start":{"line":3,"column":40},"end":{"line":10,"column":1}},"line":3}},"branchMap":{"0":{"loc":{"start":{"line":3,"column":16},"end":{"line":3,"column":26}},"type":"default-arg","locations":[{"start":{"line":3,"column":24},"end":{"line":3,"column":26}}],"line":3},"1":{"loc":{"start":{"line":4,"column":2},"end":{"line":9,"column":3}},"type":"switch","locations":[{"start":{"line":5,"column":4},"end":{"line":6,"column":27}},{"start":{"line":7,"column":4},"end":{"line":8,"column":18}}],"line":4}},"s":{"0":9,"1":0,"2":9},"f":{"0":9},"b":{"0":[9],"1":[0,9]},"_coverageSchema":"332fd63041d2c1bcb487cc26dd0d5f7d97098a6c","hash":"f4edeb4559f7b2ef537cb88ee4f94e11e17bd7e6"}
,"/Users/hacktiv8/Desktop/geo_arg_mobile/src/reducers/index.js": {"path":"/Users/hacktiv8/Desktop/geo_arg_mobile/src/reducers/index.js","statementMap":{"0":{"start":{"line":9,"column":21},"end":{"line":16,"column":2}}},"fnMap":{},"branchMap":{},"s":{"0":3},"f":{},"b":{},"_coverageSchema":"332fd63041d2c1bcb487cc26dd0d5f7d97098a6c","hash":"2f0536e673d16a2818320ec69fad12b23e3ee74a"}
,"/Users/hacktiv8/Desktop/geo_arg_mobile/src/reducers/listEventsReducer.js": {"path":"/Users/hacktiv8/Desktop/geo_arg_mobile/src/reducers/listEventsReducer.js","statementMap":{"0":{"start":{"line":4,"column":2},"end":{"line":11,"column":3}},"1":{"start":{"line":6,"column":6},"end":{"line":6,"column":27}},"2":{"start":{"line":8,"column":6},"end":{"line":8,"column":15}},"3":{"start":{"line":10,"column":6},"end":{"line":10,"column":18}}},"fnMap":{"0":{"name":"(anonymous_0)","decl":{"start":{"line":3,"column":15},"end":{"line":3,"column":16}},"loc":{"start":{"line":3,"column":40},"end":{"line":12,"column":1}},"line":3}},"branchMap":{"0":{"loc":{"start":{"line":3,"column":16},"end":{"line":3,"column":26}},"type":"default-arg","locations":[{"start":{"line":3,"column":24},"end":{"line":3,"column":26}}],"line":3},"1":{"loc":{"start":{"line":4,"column":2},"end":{"line":11,"column":3}},"type":"switch","locations":[{"start":{"line":5,"column":4},"end":{"line":6,"column":27}},{"start":{"line":7,"column":4},"end":{"line":8,"column":15}},{"start":{"line":9,"column":4},"end":{"line":10,"column":18}}],"line":4}},"s":{"0":9,"1":0,"2":0,"3":9},"f":{"0":9},"b":{"0":[9],"1":[0,0,9]},"_coverageSchema":"332fd63041d2c1bcb487cc26dd0d5f7d97098a6c","hash":"72bbcb60963c4f457d5172d8700772981c2ec415"}
,"/Users/hacktiv8/Desktop/geo_arg_mobile/src/reducers/locationReducer.js": {"path":"/Users/hacktiv8/Desktop/geo_arg_mobile/src/reducers/locationReducer.js","statementMap":{"0":{"start":{"line":3,"column":20},"end":{"line":6,"column":1}},"1":{"start":{"line":9,"column":2},"end":{"line":17,"column":3}},"2":{"start":{"line":11,"column":6},"end":{"line":11,"column":51}},"3":{"start":{"line":12,"column":4},"end":{"line":12,"column":10}},"4":{"start":{"line":14,"column":6},"end":{"line":14,"column":51}},"5":{"start":{"line":16,"column":6},"end":{"line":16,"column":18}}},"fnMap":{"0":{"name":"(anonymous_0)","decl":{"start":{"line":8,"column":15},"end":{"line":8,"column":16}},"loc":{"start":{"line":8,"column":47},"end":{"line":18,"column":1}},"line":8}},"branchMap":{"0":{"loc":{"start":{"line":8,"column":16},"end":{"line":8,"column":34}},"type":"default-arg","locations":[{"start":{"line":8,"column":23},"end":{"line":8,"column":34}}],"line":8},"1":{"loc":{"start":{"line":9,"column":2},"end":{"line":17,"column":3}},"type":"switch","locations":[{"start":{"line":10,"column":4},"end":{"line":12,"column":10}},{"start":{"line":13,"column":4},"end":{"line":14,"column":51}},{"start":{"line":15,"column":4},"end":{"line":16,"column":18}}],"line":9}},"s":{"0":3,"1":9,"2":0,"3":0,"4":0,"5":9},"f":{"0":9},"b":{"0":[9],"1":[0,0,9]},"_coverageSchema":"332fd63041d2c1bcb487cc26dd0d5f7d97098a6c","hash":"6f4a427f7871eb854dea09766256eb7d998b04c4"}
,"/Users/hacktiv8/Desktop/geo_arg_mobile/src/reducers/profileUserReducer.js": {"path":"/Users/hacktiv8/Desktop/geo_arg_mobile/src/reducers/profileUserReducer.js","statementMap":{"0":{"start":{"line":3,"column":18},"end":{"line":6,"column":1}},"1":{"start":{"line":9,"column":2},"end":{"line":16,"column":3}},"2":{"start":{"line":11,"column":6},"end":{"line":11,"column":50}},"3":{"start":{"line":13,"column":6},"end":{"line":13,"column":49}},"4":{"start":{"line":15,"column":6},"end":{"line":15,"column":18}}},"fnMap":{"0":{"name":"(anonymous_0)","decl":{"start":{"line":8,"column":15},"end":{"line":8,"column":16}},"loc":{"start":{"line":8,"column":49},"end":{"line":17,"column":1}},"line":8}},"branchMap":{"0":{"loc":{"start":{"line":8,"column":16},"end":{"line":8,"column":35}},"type":"default-arg","locations":[{"start":{"line":8,"column":24},"end":{"line":8,"column":35}}],"line":8},"1":{"loc":{"start":{"line":9,"column":2},"end":{"line":16,"column":3}},"type":"switch","locations":[{"start":{"line":10,"column":4},"end":{"line":11,"column":50}},{"start":{"line":12,"column":4},"end":{"line":13,"column":49}},{"start":{"line":14,"column":4},"end":{"line":15,"column":18}}],"line":9}},"s":{"0":3,"1":9,"2":0,"3":0,"4":9},"f":{"0":9},"b":{"0":[9],"1":[0,0,9]},"_coverageSchema":"332fd63041d2c1bcb487cc26dd0d5f7d97098a6c","hash":"ef57e3d17cdb94eefe02bd70712c70b35d0cc4e4"}
,"/Users/hacktiv8/Desktop/geo_arg_mobile/src/reducers/questReducer.js": {"path":"/Users/hacktiv8/Desktop/geo_arg_mobile/src/reducers/questReducer.js","statementMap":{"0":{"start":{"line":4,"column":2},"end":{"line":9,"column":3}},"1":{"start":{"line":6,"column":6},"end":{"line":6,"column":27}},"2":{"start":{"line":8,"column":6},"end":{"line":8,"column":18}}},"fnMap":{"0":{"name":"(anonymous_0)","decl":{"start":{"line":3,"column":15},"end":{"line":3,"column":16}},"loc":{"start":{"line":3,"column":37},"end":{"line":10,"column":1}},"line":3}},"branchMap":{"0":{"loc":{"start":{"line":3,"column":16},"end":{"line":3,"column":24}},"type":"default-arg","locations":[{"start":{"line":3,"column":23},"end":{"line":3,"column":24}}],"line":3},"1":{"loc":{"start":{"line":4,"column":2},"end":{"line":9,"column":3}},"type":"switch","locations":[{"start":{"line":5,"column":4},"end":{"line":6,"column":27}},{"start":{"line":7,"column":4},"end":{"line":8,"column":18}}],"line":4}},"s":{"0":9,"1":0,"2":9},"f":{"0":9},"b":{"0":[9],"1":[0,9]},"_coverageSchema":"332fd63041d2c1bcb487cc26dd0d5f7d97098a6c","hash":"98c0e7a7b52216df424143c3e5eb2093b7a44751"}
,"/Users/hacktiv8/Desktop/geo_arg_mobile/src/reducers/userEventReducer.js": {"path":"/Users/hacktiv8/Desktop/geo_arg_mobile/src/reducers/userEventReducer.js","statementMap":{"0":{"start":{"line":4,"column":2},"end":{"line":11,"column":3}},"1":{"start":{"line":6,"column":6},"end":{"line":6,"column":27}},"2":{"start":{"line":8,"column":6},"end":{"line":8,"column":139}},"3":{"start":{"line":8,"column":36},"end":{"line":8,"column":138}},"4":{"start":{"line":10,"column":6},"end":{"line":10,"column":18}}},"fnMap":{"0":{"name":"(anonymous_0)","decl":{"start":{"line":3,"column":15},"end":{"line":3,"column":16}},"loc":{"start":{"line":3,"column":39},"end":{"line":12,"column":1}},"line":3},"1":{"name":"(anonymous_1)","decl":{"start":{"line":8,"column":23},"end":{"line":8,"column":24}},"loc":{"start":{"line":8,"column":36},"end":{"line":8,"column":138}},"line":8}},"branchMap":{"0":{"loc":{"start":{"line":3,"column":16},"end":{"line":3,"column":26}},"type":"default-arg","locations":[{"start":{"line":3,"column":24},"end":{"line":3,"column":26}}],"line":3},"1":{"loc":{"start":{"line":4,"column":2},"end":{"line":11,"column":3}},"type":"switch","locations":[{"start":{"line":5,"column":4},"end":{"line":6,"column":27}},{"start":{"line":7,"column":4},"end":{"line":8,"column":139}},{"start":{"line":9,"column":4},"end":{"line":10,"column":18}}],"line":4},"2":{"loc":{"start":{"line":8,"column":36},"end":{"line":8,"column":138}},"type":"cond-expr","locations":[{"start":{"line":8,"column":73},"end":{"line":8,"column":126}},{"start":{"line":8,"column":129},"end":{"line":8,"column":138}}],"line":8}},"s":{"0":9,"1":0,"2":0,"3":0,"4":9},"f":{"0":9,"1":0},"b":{"0":[9],"1":[0,0,9],"2":[0,0]},"_coverageSchema":"332fd63041d2c1bcb487cc26dd0d5f7d97098a6c","hash":"4cc7f2df07a1299b4e78cd6165ce8902ff5da497"}
,"/Users/hacktiv8/Desktop/geo_arg_mobile/src/store/storeConfig.js": {"path":"/Users/hacktiv8/Desktop/geo_arg_mobile/src/store/storeConfig.js","statementMap":{"0":{"start":{"line":5,"column":19},"end":{"line":5,"column":41}},"1":{"start":{"line":6,"column":14},"end":{"line":6,"column":130}},"2":{"start":{"line":6,"column":124},"end":{"line":6,"column":128}}},"fnMap":{"0":{"name":"(anonymous_0)","decl":{"start":{"line":6,"column":116},"end":{"line":6,"column":117}},"loc":{"start":{"line":6,"column":124},"end":{"line":6,"column":128}},"line":6}},"branchMap":{"0":{"loc":{"start":{"line":6,"column":60},"end":{"line":6,"column":128}},"type":"cond-expr","locations":[{"start":{"line":6,"column":87},"end":{"line":6,"column":113}},{"start":{"line":6,"column":116},"end":{"line":6,"column":128}}],"line":6}},"s":{"0":3,"1":3,"2":3},"f":{"0":3},"b":{"0":[0,3]},"_coverageSchema":"332fd63041d2c1bcb487cc26dd0d5f7d97098a6c","hash":"72535f267872e0bd4703f2bbdf9e728fe608b617"}
}
