TN:
SF:/Users/hacktiv8/Desktop/geo_arg_mobile/index.android.js
FN:6,(anonymous_0)
FN:13,(anonymous_1)
FNF:2
FNH:1
FNDA:1,(anonymous_0)
FNDA:0,(anonymous_1)
DA:7,1
DA:13,1
LF:2
LH:2
BRF:0
BRH:0
end_of_record
TN:
SF:/Users/hacktiv8/Desktop/geo_arg_mobile/index.ios.js
FN:6,(anonymous_0)
FN:13,(anonymous_1)
FNF:2
FNH:1
FNDA:1,(anonymous_0)
FNDA:0,(anonymous_1)
DA:7,1
DA:13,1
LF:2
LH:2
BRF:0
BRH:0
end_of_record
TN:
SF:/Users/hacktiv8/Desktop/geo_arg_mobile/src/AppNavigator.js
FN:10,(anonymous_0)
FN:34,(anonymous_1)
FNF:2
FNH:2
FNDA:3,(anonymous_0)
FNDA:3,(anonymous_1)
DA:11,3
DA:13,3
DA:15,0
DA:17,0
DA:19,0
DA:21,0
DA:23,0
DA:25,0
DA:27,0
DA:29,0
DA:31,0
DA:35,3
LF:12
LH:3
BRDA:11,0,0,3
BRDA:11,0,1,0
BRDA:11,0,2,0
BRDA:11,0,3,0
BRDA:11,0,4,0
BRDA:11,0,5,0
BRDA:11,0,6,0
BRDA:11,0,7,0
BRDA:11,0,8,0
BRDA:11,0,9,0
BRF:10
BRH:1
end_of_record
TN:
SF:/Users/hacktiv8/Desktop/geo_arg_mobile/src/actions/index.js
FN:4,(anonymous_0)
FN:5,(anonymous_1)
FN:6,(anonymous_2)
FN:7,(anonymous_3)
FN:8,(anonymous_4)
FN:9,(anonymous_5)
FN:10,(anonymous_6)
FN:11,(anonymous_7)
FN:12,(anonymous_8)
FN:13,(anonymous_9)
FN:15,(anonymous_10)
FN:16,(anonymous_11)
FN:23,(anonymous_12)
FN:27,(anonymous_13)
FN:28,(anonymous_14)
FN:36,(anonymous_15)
FN:36,(anonymous_16)
FN:37,(anonymous_17)
FN:45,(anonymous_18)
FN:46,(anonymous_19)
FN:54,(anonymous_20)
FN:55,(anonymous_21)
FN:58,(anonymous_22)
FN:62,(anonymous_23)
FN:63,(anonymous_24)
FN:71,(anonymous_25)
FN:72,(anonymous_26)
FN:75,(anonymous_27)
FN:79,(anonymous_28)
FN:85,(anonymous_29)
FN:93,(anonymous_30)
FN:94,(anonymous_31)
FN:97,(anonymous_32)
FN:101,(anonymous_33)
FN:106,(anonymous_34)
FN:114,(anonymous_35)
FN:118,(anonymous_36)
FN:119,(anonymous_37)
FN:121,(anonymous_38)
FN:122,(anonymous_39)
FN:125,(anonymous_40)
FN:129,(anonymous_41)
FN:130,(anonymous_42)
FN:132,(anonymous_43)
FN:135,(anonymous_44)
FN:138,(anonymous_45)
FN:143,(anonymous_46)
FN:144,(anonymous_47)
FN:153,(anonymous_48)
FN:154,(anonymous_49)
FN:156,(anonymous_50)
FN:157,(anonymous_51)
FNF:52
FNH:0
FNDA:0,(anonymous_0)
FNDA:0,(anonymous_1)
FNDA:0,(anonymous_2)
FNDA:0,(anonymous_3)
FNDA:0,(anonymous_4)
FNDA:0,(anonymous_5)
FNDA:0,(anonymous_6)
FNDA:0,(anonymous_7)
FNDA:0,(anonymous_8)
FNDA:0,(anonymous_9)
FNDA:0,(anonymous_10)
FNDA:0,(anonymous_11)
FNDA:0,(anonymous_12)
FNDA:0,(anonymous_13)
FNDA:0,(anonymous_14)
FNDA:0,(anonymous_15)
FNDA:0,(anonymous_16)
FNDA:0,(anonymous_17)
FNDA:0,(anonymous_18)
FNDA:0,(anonymous_19)
FNDA:0,(anonymous_20)
FNDA:0,(anonymous_21)
FNDA:0,(anonymous_22)
FNDA:0,(anonymous_23)
FNDA:0,(anonymous_24)
FNDA:0,(anonymous_25)
FNDA:0,(anonymous_26)
FNDA:0,(anonymous_27)
FNDA:0,(anonymous_28)
FNDA:0,(anonymous_29)
FNDA:0,(anonymous_30)
FNDA:0,(anonymous_31)
FNDA:0,(anonymous_32)
FNDA:0,(anonymous_33)
FNDA:0,(anonymous_34)
FNDA:0,(anonymous_35)
FNDA:0,(anonymous_36)
FNDA:0,(anonymous_37)
FNDA:0,(anonymous_38)
FNDA:0,(anonymous_39)
FNDA:0,(anonymous_40)
FNDA:0,(anonymous_41)
FNDA:0,(anonymous_42)
FNDA:0,(anonymous_43)
FNDA:0,(anonymous_44)
FNDA:0,(anonymous_45)
FNDA:0,(anonymous_46)
FNDA:0,(anonymous_47)
FNDA:0,(anonymous_48)
FNDA:0,(anonymous_49)
FNDA:0,(anonymous_50)
FNDA:0,(anonymous_51)
DA:4,9
DA:5,9
DA:6,9
DA:7,9
DA:8,9
DA:9,9
DA:10,9
DA:11,9
DA:12,9
DA:13,9
DA:15,9
DA:16,0
DA:17,0
DA:23,0
DA:27,9
DA:28,0
DA:29,0
DA:30,0
DA:36,0
DA:37,0
DA:38,0
DA:45,9
DA:46,0
DA:47,0
DA:54,0
DA:56,0
DA:58,0
DA:62,9
DA:63,0
DA:64,0
DA:71,0
DA:73,0
DA:75,0
DA:79,9
DA:80,0
DA:85,0
DA:86,0
DA:93,0
DA:95,0
DA:97,0
DA:101,9
DA:102,0
DA:106,0
DA:107,0
DA:114,0
DA:118,9
DA:119,0
DA:120,0
DA:121,0
DA:123,0
DA:125,0
DA:129,9
DA:130,0
DA:131,0
DA:133,0
DA:136,0
DA:143,9
DA:144,0
DA:145,0
DA:153,9
DA:154,0
DA:155,0
DA:156,0
DA:158,0
LF:64
LH:20
BRDA:29,0,0,0
BRDA:29,0,1,0
BRF:2
BRH:0
end_of_record
TN:
SF:/Users/hacktiv8/Desktop/geo_arg_mobile/src/components/CameraOn.js
FN:31,(anonymous_0)
FN:32,(anonymous_1)
FN:40,(anonymous_2)
FN:51,(anonymous_3)
FN:53,(anonymous_4)
FN:69,(anonymous_5)
FN:79,(anonymous_6)
FN:83,(anonymous_7)
FN:89,(anonymous_8)
FNF:9
FNH:3
FNDA:1,(anonymous_0)
FNDA:0,(anonymous_1)
FNDA:0,(anonymous_2)
FNDA:0,(anonymous_3)
FNDA:0,(anonymous_4)
FNDA:0,(anonymous_5)
FNDA:0,(anonymous_6)
FNDA:1,(anonymous_7)
FNDA:1,(anonymous_8)
DA:10,5
DA:32,1
DA:33,0
DA:34,0
DA:36,1
DA:41,0
DA:52,0
DA:54,0
DA:55,0
DA:56,0
DA:61,0
DA:69,0
DA:70,0
DA:71,0
DA:73,0
DA:74,0
DA:75,0
DA:79,0
DA:83,5
DA:84,1
DA:89,5
DA:90,1
LF:22
LH:7
BRDA:70,0,0,0
BRDA:70,0,1,0
BRDA:74,1,0,0
BRDA:74,1,1,0
BRF:4
BRH:0
end_of_record
TN:
SF:/Users/hacktiv8/Desktop/geo_arg_mobile/src/components/EventMap.js
FN:24,(anonymous_0)
FN:37,(anonymous_1)
FN:41,(anonymous_2)
FN:45,(anonymous_3)
FN:52,(anonymous_4)
FN:69,(anonymous_5)
FN:91,(anonymous_6)
FN:97,(anonymous_7)
FNF:8
FNH:4
FNDA:1,(anonymous_0)
FNDA:0,(anonymous_1)
FNDA:0,(anonymous_2)
FNDA:1,(anonymous_3)
FNDA:0,(anonymous_4)
FNDA:0,(anonymous_5)
FNDA:1,(anonymous_6)
FNDA:1,(anonymous_7)
DA:10,5
DA:12,5
DA:25,1
DA:26,1
DA:34,1
DA:38,0
DA:42,0
DA:46,1
DA:52,0
DA:70,0
DA:71,0
DA:91,5
DA:92,1
DA:97,5
DA:98,1
LF:15
LH:10
BRF:0
BRH:0
end_of_record
TN:
SF:/Users/hacktiv8/Desktop/geo_arg_mobile/src/components/GameEvent.js
FN:13,(anonymous_0)
FN:30,(anonymous_1)
FN:35,(anonymous_2)
FN:38,(anonymous_3)
FN:41,(anonymous_4)
FN:61,(anonymous_5)
FN:65,(anonymous_6)
FN:67,(anonymous_7)
FN:71,(anonymous_8)
FN:83,(anonymous_9)
FN:88,(anonymous_10)
FN:93,(anonymous_11)
FN:99,(anonymous_12)
FN:103,(anonymous_13)
FN:110,(anonymous_14)
FN:136,(anonymous_15)
FN:145,(anonymous_16)
FN:151,(anonymous_17)
FN:157,(anonymous_18)
FN:165,(anonymous_19)
FN:185,(anonymous_20)
FN:191,(anonymous_21)
FN:195,(anonymous_22)
FNF:23
FNH:1
FNDA:0,(anonymous_0)
FNDA:0,(anonymous_1)
FNDA:0,(anonymous_2)
FNDA:0,(anonymous_3)
FNDA:0,(anonymous_4)
FNDA:0,(anonymous_5)
FNDA:0,(anonymous_6)
FNDA:0,(anonymous_7)
FNDA:0,(anonymous_8)
FNDA:0,(anonymous_9)
FNDA:0,(anonymous_10)
FNDA:0,(anonymous_11)
FNDA:0,(anonymous_12)
FNDA:0,(anonymous_13)
FNDA:0,(anonymous_14)
FNDA:0,(anonymous_15)
FNDA:0,(anonymous_16)
FNDA:0,(anonymous_17)
FNDA:0,(anonymous_18)
FNDA:0,(anonymous_19)
FNDA:1,(anonymous_20)
FNDA:0,(anonymous_21)
FNDA:0,(anonymous_22)
DA:10,5
DA:14,0
DA:15,0
DA:25,0
DA:26,0
DA:27,0
DA:31,0
DA:32,0
DA:36,0
DA:37,0
DA:38,0
DA:42,0
DA:44,0
DA:48,0
DA:50,0
DA:51,0
DA:53,0
DA:54,0
DA:55,0
DA:57,0
DA:62,0
DA:66,0
DA:67,0
DA:68,0
DA:70,0
DA:72,0
DA:73,0
DA:75,0
DA:77,0
DA:83,0
DA:89,0
DA:90,0
DA:93,0
DA:100,0
DA:104,0
DA:110,0
DA:137,0
DA:138,0
DA:147,0
DA:148,0
DA:151,0
DA:157,0
DA:162,0
DA:163,0
DA:165,0
DA:185,5
DA:186,1
DA:191,0
DA:195,5
DA:196,0
LF:50
LH:4
BRDA:42,0,0,0
BRDA:42,0,1,0
BRDA:42,0,2,0
BRDA:42,0,3,0
BRDA:72,1,0,0
BRDA:72,1,1,0
BRDA:89,2,0,0
BRDA:89,2,1,0
BRDA:119,3,0,0
BRDA:119,3,1,0
BRDA:133,4,0,0
BRDA:133,4,1,0
BRDA:136,5,0,0
BRDA:136,5,1,0
BRDA:137,6,0,0
BRDA:137,6,1,0
BRDA:138,7,0,0
BRDA:138,7,1,0
BRDA:145,8,0,0
BRDA:145,8,1,0
BRDA:147,9,0,0
BRDA:147,9,1,0
BRDA:147,10,0,0
BRDA:147,10,1,0
BRDA:162,11,0,0
BRDA:162,11,1,0
BRDA:191,12,0,0
BRDA:191,12,1,0
BRF:28
BRH:0
end_of_record
TN:
SF:/Users/hacktiv8/Desktop/geo_arg_mobile/src/components/Help.js
FN:8,(anonymous_0)
FN:12,(anonymous_1)
FN:19,(anonymous_2)
FNF:3
FNH:2
FNDA:1,(anonymous_0)
FNDA:1,(anonymous_1)
FNDA:0,(anonymous_2)
DA:5,5
DA:9,1
DA:13,1
DA:19,0
LF:4
LH:3
BRF:0
BRH:0
end_of_record
TN:
SF:/Users/hacktiv8/Desktop/geo_arg_mobile/src/components/Home.js
FN:63,(anonymous_0)
FN:67,(anonymous_1)
FN:68,(anonymous_2)
FN:100,(anonymous_3)
FN:109,(anonymous_4)
FN:120,(anonymous_5)
FN:129,(anonymous_6)
FNF:7
FNH:2
FNDA:1,(anonymous_0)
FNDA:1,(anonymous_1)
FNDA:0,(anonymous_2)
FNDA:0,(anonymous_3)
FNDA:0,(anonymous_4)
FNDA:0,(anonymous_5)
FNDA:0,(anonymous_6)
DA:5,5
DA:7,5
DA:64,1
DA:68,1
DA:69,0
DA:71,1
DA:100,0
DA:109,0
DA:120,0
DA:129,0
LF:10
LH:5
BRF:0
BRH:0
end_of_record
TN:
SF:/Users/hacktiv8/Desktop/geo_arg_mobile/src/components/ListEvent.js
FN:74,(anonymous_0)
FN:82,(anonymous_1)
FN:86,(anonymous_2)
FN:93,(anonymous_3)
FN:117,(anonymous_4)
FN:130,(anonymous_5)
FN:150,(anonymous_6)
FN:156,(anonymous_7)
FN:158,(anonymous_8)
FN:159,(anonymous_9)
FN:160,(anonymous_10)
FNF:11
FNH:4
FNDA:1,(anonymous_0)
FNDA:0,(anonymous_1)
FNDA:1,(anonymous_2)
FNDA:0,(anonymous_3)
FNDA:0,(anonymous_4)
FNDA:0,(anonymous_5)
FNDA:1,(anonymous_6)
FNDA:1,(anonymous_7)
FNDA:0,(anonymous_8)
FNDA:0,(anonymous_9)
FNDA:0,(anonymous_10)
DA:10,5
DA:12,5
DA:75,1
DA:76,1
DA:83,0
DA:87,1
DA:93,0
DA:118,0
DA:119,0
DA:131,0
DA:132,0
DA:150,5
DA:151,1
DA:156,5
DA:157,1
DA:158,0
DA:159,0
DA:160,0
LF:18
LH:9
BRDA:106,0,0,0
BRDA:106,0,1,0
BRDA:116,1,0,0
BRDA:116,1,1,0
BRF:4
BRH:0
end_of_record
TN:
SF:/Users/hacktiv8/Desktop/geo_arg_mobile/src/components/Login.js
FN:51,(anonymous_0)
FN:61,(anonymous_1)
FN:67,(anonymous_2)
FN:68,(anonymous_3)
FN:76,(anonymous_4)
FN:88,(anonymous_5)
FN:89,(anonymous_6)
FN:148,(anonymous_7)
FN:149,(anonymous_8)
FN:150,(anonymous_9)
FNF:10
FNH:3
FNDA:1,(anonymous_0)
FNDA:0,(anonymous_1)
FNDA:0,(anonymous_2)
FNDA:0,(anonymous_3)
FNDA:0,(anonymous_4)
FNDA:1,(anonymous_5)
FNDA:0,(anonymous_6)
FNDA:1,(anonymous_7)
FNDA:0,(anonymous_8)
FNDA:0,(anonymous_9)
DA:9,4
DA:10,4
DA:11,4
DA:26,4
DA:52,1
DA:53,1
DA:58,1
DA:62,0
DA:63,0
DA:68,0
DA:69,0
DA:70,0
DA:71,0
DA:74,0
DA:77,0
DA:78,0
DA:79,0
DA:81,0
DA:82,0
DA:89,1
DA:90,0
DA:92,1
DA:148,4
DA:149,0
DA:150,0
LF:25
LH:10
BRDA:69,0,0,0
BRDA:69,0,1,0
BRDA:77,1,0,0
BRDA:77,1,1,0
BRF:4
BRH:0
end_of_record
TN:
SF:/Users/hacktiv8/Desktop/geo_arg_mobile/src/components/Profile.js
FN:12,(anonymous_0)
FN:20,(anonymous_1)
FN:25,(anonymous_2)
FN:30,(anonymous_3)
FN:37,(anonymous_4)
FN:46,(anonymous_5)
FN:65,(anonymous_6)
FN:97,(anonymous_7)
FN:104,(anonymous_8)
FNF:9
FNH:1
FNDA:0,(anonymous_0)
FNDA:0,(anonymous_1)
FNDA:0,(anonymous_2)
FNDA:0,(anonymous_3)
FNDA:0,(anonymous_4)
FNDA:0,(anonymous_5)
FNDA:0,(anonymous_6)
FNDA:1,(anonymous_7)
FNDA:0,(anonymous_8)
DA:6,5
DA:13,0
DA:14,0
DA:17,0
DA:21,0
DA:22,0
DA:26,0
DA:27,0
DA:31,0
DA:37,0
DA:46,0
DA:66,0
DA:97,5
DA:98,1
DA:104,5
DA:105,0
LF:16
LH:4
BRDA:64,0,0,0
BRDA:64,0,1,0
BRDA:69,1,0,0
BRDA:69,1,1,0
BRDA:80,2,0,0
BRDA:80,2,1,0
BRF:6
BRH:0
end_of_record
TN:
SF:/Users/hacktiv8/Desktop/geo_arg_mobile/src/components/Quest.js
FN:4,(anonymous_0)
FNF:1
FNH:1
FNDA:1,(anonymous_0)
DA:4,1
DA:5,1
LF:2
LH:2
BRF:0
BRH:0
end_of_record
TN:
SF:/Users/hacktiv8/Desktop/geo_arg_mobile/src/components/index.js
FNF:0
FNH:0
LF:0
LH:0
BRF:0
BRH:0
end_of_record
TN:
SF:/Users/hacktiv8/Desktop/geo_arg_mobile/src/components/LoadingScreens/Loading1.js
FN:10,(anonymous_0)
FN:11,(anonymous_1)
FN:16,(anonymous_2)
FNF:3
FNH:2
FNDA:4,(anonymous_0)
FNDA:0,(anonymous_1)
FNDA:4,(anonymous_2)
DA:11,4
DA:12,0
DA:17,4
DA:25,5
LF:4
LH:3
BRF:0
BRH:0
end_of_record
TN:
SF:/Users/hacktiv8/Desktop/geo_arg_mobile/src/components/LoadingScreens/index.js
FNF:0
FNH:0
LF:0
LH:0
BRF:0
BRH:0
end_of_record
TN:
SF:/Users/hacktiv8/Desktop/geo_arg_mobile/src/constants/index.js
FNF:0
FNH:0
DA:1,9
DA:2,9
DA:3,9
DA:4,9
DA:5,9
DA:6,9
DA:7,9
DA:8,9
DA:9,9
DA:10,9
LF:10
LH:10
BRF:0
BRH:0
end_of_record
TN:
SF:/Users/hacktiv8/Desktop/geo_arg_mobile/src/reducers/currentEventReducer.js
FN:3,(anonymous_0)
FNF:1
FNH:1
FNDA:9,(anonymous_0)
DA:4,9
DA:6,0
DA:8,9
LF:3
LH:2
BRDA:3,0,0,9
BRDA:4,1,0,0
BRDA:4,1,1,9
BRF:3
BRH:2
end_of_record
TN:
SF:/Users/hacktiv8/Desktop/geo_arg_mobile/src/reducers/index.js
FNF:0
FNH:0
DA:9,3
LF:1
LH:1
BRF:0
BRH:0
end_of_record
TN:
SF:/Users/hacktiv8/Desktop/geo_arg_mobile/src/reducers/listEventsReducer.js
FN:3,(anonymous_0)
FNF:1
FNH:1
FNDA:9,(anonymous_0)
DA:4,9
DA:6,0
DA:8,0
DA:10,9
LF:4
LH:2
BRDA:3,0,0,9
BRDA:4,1,0,0
BRDA:4,1,1,0
BRDA:4,1,2,9
BRF:4
BRH:2
end_of_record
TN:
SF:/Users/hacktiv8/Desktop/geo_arg_mobile/src/reducers/locationReducer.js
FN:8,(anonymous_0)
FNF:1
FNH:1
FNDA:9,(anonymous_0)
DA:3,3
DA:9,9
DA:11,0
DA:12,0
DA:14,0
DA:16,9
LF:6
LH:3
BRDA:8,0,0,9
BRDA:9,1,0,0
BRDA:9,1,1,0
BRDA:9,1,2,9
BRF:4
BRH:2
end_of_record
TN:
SF:/Users/hacktiv8/Desktop/geo_arg_mobile/src/reducers/profileUserReducer.js
FN:8,(anonymous_0)
FNF:1
FNH:1
FNDA:9,(anonymous_0)
DA:3,3
DA:9,9
DA:11,0
DA:13,0
DA:15,9
LF:5
LH:3
BRDA:8,0,0,9
BRDA:9,1,0,0
BRDA:9,1,1,0
BRDA:9,1,2,9
BRF:4
BRH:2
end_of_record
TN:
SF:/Users/hacktiv8/Desktop/geo_arg_mobile/src/reducers/questReducer.js
FN:3,(anonymous_0)
FNF:1
FNH:1
FNDA:9,(anonymous_0)
DA:4,9
DA:6,0
DA:8,9
LF:3
LH:2
BRDA:3,0,0,9
BRDA:4,1,0,0
BRDA:4,1,1,9
BRF:3
BRH:2
end_of_record
TN:
SF:/Users/hacktiv8/Desktop/geo_arg_mobile/src/reducers/userEventReducer.js
FN:3,(anonymous_0)
FN:8,(anonymous_1)
FNF:2
FNH:1
FNDA:9,(anonymous_0)
FNDA:0,(anonymous_1)
DA:4,9
DA:6,0
DA:8,0
DA:10,9
LF:4
LH:2
BRDA:3,0,0,9
BRDA:4,1,0,0
BRDA:4,1,1,0
BRDA:4,1,2,9
BRDA:8,2,0,0
BRDA:8,2,1,0
BRF:6
BRH:2
end_of_record
TN:
SF:/Users/hacktiv8/Desktop/geo_arg_mobile/src/store/storeConfig.js
FN:6,(anonymous_0)
FNF:1
FNH:1
FNDA:3,(anonymous_0)
DA:5,3
DA:6,3
LF:2
LH:2
BRDA:6,0,0,0
BRDA:6,0,1,3
BRF:2
BRH:1
end_of_record
